{"/home/khack/personal/ai-software-engineer/bankgo/src/components/ui/AccountCard.tsx": {"path":"/home/khack/personal/ai-software-engineer/bankgo/src/components/ui/AccountCard.tsx","statementMap":{"0":{"start":{"line":20,"column":2},"end":{"line":20,"column":78}},"1":{"start":{"line":23,"column":49},"end":{"line":27,"column":1}},"2":{"start":{"line":29,"column":49},"end":{"line":33,"column":1}},"3":{"start":{"line":40,"column":22},"end":{"line":40,"column":47}},"4":{"start":{"line":42,"column":2},"end":{"line":65,"column":4}},"5":{"start":{"line":72,"column":15},"end":{"line":119,"column":2}}},"fnMap":{"0":{"name":"formatBalance","decl":{"start":{"line":19,"column":9},"end":{"line":19,"column":22}},"loc":{"start":{"line":19,"column":47},"end":{"line":21,"column":1}},"line":19},"1":{"name":"AccountCard","decl":{"start":{"line":39,"column":16},"end":{"line":39,"column":27}},"loc":{"start":{"line":39,"column":68},"end":{"line":66,"column":1}},"line":39}},"branchMap":{},"s":{"0":0,"1":0,"2":0,"3":0,"4":0,"5":0},"f":{"0":0,"1":0},"b":{}}
,"/home/khack/personal/ai-software-engineer/bankgo/src/components/ui/ConfirmationDialog.tsx": {"path":"/home/khack/personal/ai-software-engineer/bankgo/src/components/ui/ConfirmationDialog.tsx","statementMap":{"0":{"start":{"line":37,"column":2},"end":{"line":81,"column":4}},"1":{"start":{"line":88,"column":15},"end":{"line":158,"column":2}}},"fnMap":{"0":{"name":"ConfirmationDialog","decl":{"start":{"line":29,"column":16},"end":{"line":29,"column":34}},"loc":{"start":{"line":36,"column":28},"end":{"line":82,"column":1}},"line":36}},"branchMap":{"0":{"loc":{"start":{"line":35,"column":2},"end":{"line":35,"column":17}},"type":"default-arg","locations":[{"start":{"line":35,"column":12},"end":{"line":35,"column":17}}],"line":35},"1":{"loc":{"start":{"line":50,"column":11},"end":{"line":77,"column":11}},"type":"cond-expr","locations":[{"start":{"line":51,"column":12},"end":{"line":54,"column":19}},{"start":{"line":56,"column":12},"end":{"line":76,"column":19}}],"line":50}},"s":{"0":0,"1":0},"f":{"0":0},"b":{"0":[0],"1":[0,0]}}
,"/home/khack/personal/ai-software-engineer/bankgo/src/components/ui/EmptyState.tsx": {"path":"/home/khack/personal/ai-software-engineer/bankgo/src/components/ui/EmptyState.tsx","statementMap":{"0":{"start":{"line":19,"column":2},"end":{"line":25,"column":4}},"1":{"start":{"line":32,"column":15},"end":{"line":57,"column":2}}},"fnMap":{"0":{"name":"EmptyState","decl":{"start":{"line":18,"column":16},"end":{"line":18,"column":26}},"loc":{"start":{"line":18,"column":67},"end":{"line":26,"column":1}},"line":18}},"branchMap":{"0":{"loc":{"start":{"line":23,"column":7},"end":{"line":23,"column":72}},"type":"cond-expr","locations":[{"start":{"line":23,"column":18},"end":{"line":23,"column":65}},{"start":{"line":23,"column":68},"end":{"line":23,"column":72}}],"line":23}},"s":{"0":0,"1":0},"f":{"0":0},"b":{"0":[0,0]}}
,"/home/khack/personal/ai-software-engineer/bankgo/src/components/ui/ErrorState.tsx": {"path":"/home/khack/personal/ai-software-engineer/bankgo/src/components/ui/ErrorState.tsx","statementMap":{"0":{"start":{"line":19,"column":2},"end":{"line":27,"column":4}},"1":{"start":{"line":34,"column":15},"end":{"line":64,"column":2}}},"fnMap":{"0":{"name":"ErrorState","decl":{"start":{"line":18,"column":16},"end":{"line":18,"column":26}},"loc":{"start":{"line":18,"column":66},"end":{"line":28,"column":1}},"line":18}},"branchMap":{},"s":{"0":0,"1":0},"f":{"0":0},"b":{}}
,"/home/khack/personal/ai-software-engineer/bankgo/src/components/ui/InAppNotification.tsx": {"path":"/home/khack/personal/ai-software-engineer/bankgo/src/components/ui/InAppNotification.tsx","statementMap":{"0":{"start":{"line":27,"column":21},"end":{"line":27,"column":61}},"1":{"start":{"line":29,"column":2},"end":{"line":58,"column":39}},"2":{"start":{"line":30,"column":4},"end":{"line":57,"column":5}},"3":{"start":{"line":32,"column":6},"end":{"line":37,"column":17}},"4":{"start":{"line":40,"column":20},"end":{"line":42,"column":14}},"5":{"start":{"line":41,"column":8},"end":{"line":41,"column":20}},"6":{"start":{"line":44,"column":6},"end":{"line":46,"column":8}},"7":{"start":{"line":45,"column":8},"end":{"line":45,"column":28}},"8":{"start":{"line":49,"column":6},"end":{"line":54,"column":17}},"9":{"start":{"line":56,"column":6},"end":{"line":56,"column":23}},"10":{"start":{"line":60,"column":2},"end":{"line":60,"column":28}},"11":{"start":{"line":60,"column":16},"end":{"line":60,"column":28}},"12":{"start":{"line":62,"column":26},"end":{"line":62,"column":68}},"13":{"start":{"line":64,"column":2},"end":{"line":85,"column":4}},"14":{"start":{"line":92,"column":15},"end":{"line":125,"column":2}}},"fnMap":{"0":{"name":"InAppNotification","decl":{"start":{"line":21,"column":16},"end":{"line":21,"column":33}},"loc":{"start":{"line":26,"column":27},"end":{"line":86,"column":1}},"line":26},"1":{"name":"(anonymous_1)","decl":{"start":{"line":29,"column":12},"end":{"line":29,"column":13}},"loc":{"start":{"line":29,"column":18},"end":{"line":58,"column":3}},"line":29},"2":{"name":"(anonymous_2)","decl":{"start":{"line":40,"column":31},"end":{"line":40,"column":32}},"loc":{"start":{"line":40,"column":37},"end":{"line":42,"column":7}},"line":40},"3":{"name":"(anonymous_3)","decl":{"start":{"line":44,"column":13},"end":{"line":44,"column":14}},"loc":{"start":{"line":44,"column":19},"end":{"line":46,"column":7}},"line":44}},"branchMap":{"0":{"loc":{"start":{"line":30,"column":4},"end":{"line":57,"column":5}},"type":"if","locations":[{"start":{"line":30,"column":4},"end":{"line":57,"column":5}},{"start":{"line":47,"column":11},"end":{"line":57,"column":5}}],"line":30},"1":{"loc":{"start":{"line":60,"column":2},"end":{"line":60,"column":28}},"type":"if","locations":[{"start":{"line":60,"column":2},"end":{"line":60,"column":28}},{"start":{},"end":{}}],"line":60},"2":{"loc":{"start":{"line":62,"column":26},"end":{"line":62,"column":68}},"type":"cond-expr","locations":[{"start":{"line":62,"column":47},"end":{"line":62,"column":56}},{"start":{"line":62,"column":59},"end":{"line":62,"column":68}}],"line":62},"3":{"loc":{"start":{"line":79,"column":35},"end":{"line":79,"column":65}},"type":"cond-expr","locations":[{"start":{"line":79,"column":56},"end":{"line":79,"column":59}},{"start":{"line":79,"column":62},"end":{"line":79,"column":65}}],"line":79}},"s":{"0":0,"1":0,"2":0,"3":0,"4":0,"5":0,"6":0,"7":0,"8":0,"9":0,"10":0,"11":0,"12":0,"13":0,"14":0},"f":{"0":0,"1":0,"2":0,"3":0},"b":{"0":[0,0],"1":[0,0],"2":[0,0],"3":[0,0]}}
,"/home/khack/personal/ai-software-engineer/bankgo/src/components/ui/LoadingState.tsx": {"path":"/home/khack/personal/ai-software-engineer/bankgo/src/components/ui/LoadingState.tsx","statementMap":{"0":{"start":{"line":18,"column":2},"end":{"line":23,"column":4}},"1":{"start":{"line":30,"column":15},"end":{"line":43,"column":2}}},"fnMap":{"0":{"name":"LoadingState","decl":{"start":{"line":17,"column":16},"end":{"line":17,"column":28}},"loc":{"start":{"line":17,"column":61},"end":{"line":24,"column":1}},"line":17}},"branchMap":{"0":{"loc":{"start":{"line":21,"column":7},"end":{"line":21,"column":69}},"type":"cond-expr","locations":[{"start":{"line":21,"column":17},"end":{"line":21,"column":62}},{"start":{"line":21,"column":65},"end":{"line":21,"column":69}}],"line":21}},"s":{"0":0,"1":0},"f":{"0":0},"b":{"0":[0,0]}}
,"/home/khack/personal/ai-software-engineer/bankgo/src/components/ui/OfflineBanner.tsx": {"path":"/home/khack/personal/ai-software-engineer/bankgo/src/components/ui/OfflineBanner.tsx","statementMap":{"0":{"start":{"line":18,"column":2},"end":{"line":18,"column":28}},"1":{"start":{"line":18,"column":16},"end":{"line":18,"column":28}},"2":{"start":{"line":20,"column":2},"end":{"line":24,"column":4}},"3":{"start":{"line":31,"column":15},"end":{"line":43,"column":2}}},"fnMap":{"0":{"name":"OfflineBanner","decl":{"start":{"line":17,"column":16},"end":{"line":17,"column":29}},"loc":{"start":{"line":17,"column":63},"end":{"line":25,"column":1}},"line":17}},"branchMap":{"0":{"loc":{"start":{"line":18,"column":2},"end":{"line":18,"column":28}},"type":"if","locations":[{"start":{"line":18,"column":2},"end":{"line":18,"column":28}},{"start":{},"end":{}}],"line":18}},"s":{"0":0,"1":0,"2":0,"3":0},"f":{"0":0},"b":{"0":[0,0]}}
,"/home/khack/personal/ai-software-engineer/bankgo/src/components/ui/TransactionItem.tsx": {"path":"/home/khack/personal/ai-software-engineer/bankgo/src/components/ui/TransactionItem.tsx","statementMap":{"0":{"start":{"line":19,"column":15},"end":{"line":19,"column":44}},"1":{"start":{"line":20,"column":2},"end":{"line":20,"column":86}},"2":{"start":{"line":24,"column":15},"end":{"line":24,"column":32}},"3":{"start":{"line":25,"column":2},"end":{"line":29,"column":5}},"4":{"start":{"line":37,"column":22},"end":{"line":37,"column":75}},"5":{"start":{"line":39,"column":2},"end":{"line":53,"column":4}},"6":{"start":{"line":60,"column":15},"end":{"line":94,"column":2}}},"fnMap":{"0":{"name":"formatAmount","decl":{"start":{"line":18,"column":9},"end":{"line":18,"column":21}},"loc":{"start":{"line":18,"column":73},"end":{"line":21,"column":1}},"line":18},"1":{"name":"formatDate","decl":{"start":{"line":23,"column":9},"end":{"line":23,"column":19}},"loc":{"start":{"line":23,"column":45},"end":{"line":30,"column":1}},"line":23},"2":{"name":"TransactionItem","decl":{"start":{"line":36,"column":16},"end":{"line":36,"column":31}},"loc":{"start":{"line":36,"column":71},"end":{"line":54,"column":1}},"line":36}},"branchMap":{"0":{"loc":{"start":{"line":19,"column":15},"end":{"line":19,"column":44}},"type":"cond-expr","locations":[{"start":{"line":19,"column":35},"end":{"line":19,"column":38}},{"start":{"line":19,"column":41},"end":{"line":19,"column":44}}],"line":19},"1":{"loc":{"start":{"line":37,"column":22},"end":{"line":37,"column":75}},"type":"cond-expr","locations":[{"start":{"line":37,"column":54},"end":{"line":37,"column":63}},{"start":{"line":37,"column":66},"end":{"line":37,"column":75}}],"line":37}},"s":{"0":0,"1":0,"2":0,"3":0,"4":0,"5":0,"6":0},"f":{"0":0,"1":0,"2":0},"b":{"0":[0,0],"1":[0,0]}}
,"/home/khack/personal/ai-software-engineer/bankgo/src/hooks/useNetworkStatus.ts": {"path":"/home/khack/personal/ai-software-engineer/bankgo/src/hooks/useNetworkStatus.ts","statementMap":{"0":{"start":{"line":14,"column":31},"end":{"line":14,"column":69}},"1":{"start":{"line":15,"column":26},"end":{"line":15,"column":32}},"2":{"start":{"line":18,"column":2},"end":{"line":26,"column":3}},"3":{"start":{"line":19,"column":21},"end":{"line":22,"column":6}},"4":{"start":{"line":23,"column":4},"end":{"line":23,"column":50}},"5":{"start":{"line":25,"column":4},"end":{"line":25,"column":17}},"6":{"start":{"line":30,"column":34},"end":{"line":30,"column":57}},"7":{"start":{"line":32,"column":2},"end":{"line":50,"column":9}},"8":{"start":{"line":33,"column":20},"end":{"line":33,"column":25}},"9":{"start":{"line":36,"column":21},"end":{"line":36,"column":46}},"10":{"start":{"line":37,"column":6},"end":{"line":37,"column":42}},"11":{"start":{"line":37,"column":22},"end":{"line":37,"column":42}},"12":{"start":{"line":40,"column":4},"end":{"line":40,"column":18}},"13":{"start":{"line":42,"column":21},"end":{"line":44,"column":25}},"14":{"start":{"line":43,"column":6},"end":{"line":43,"column":20}},"15":{"start":{"line":46,"column":4},"end":{"line":49,"column":6}},"16":{"start":{"line":47,"column":6},"end":{"line":47,"column":23}},"17":{"start":{"line":48,"column":6},"end":{"line":48,"column":30}},"18":{"start":{"line":52,"column":2},"end":{"line":52,"column":22}}},"fnMap":{"0":{"name":"checkConnectivity","decl":{"start":{"line":17,"column":15},"end":{"line":17,"column":32}},"loc":{"start":{"line":17,"column":53},"end":{"line":27,"column":1}},"line":17},"1":{"name":"useNetworkStatus","decl":{"start":{"line":29,"column":16},"end":{"line":29,"column":32}},"loc":{"start":{"line":29,"column":58},"end":{"line":53,"column":1}},"line":29},"2":{"name":"(anonymous_2)","decl":{"start":{"line":32,"column":12},"end":{"line":32,"column":13}},"loc":{"start":{"line":32,"column":18},"end":{"line":50,"column":3}},"line":32},"3":{"name":"update","decl":{"start":{"line":35,"column":19},"end":{"line":35,"column":25}},"loc":{"start":{"line":35,"column":43},"end":{"line":38,"column":5}},"line":35},"4":{"name":"(anonymous_4)","decl":{"start":{"line":42,"column":33},"end":{"line":42,"column":34}},"loc":{"start":{"line":42,"column":39},"end":{"line":44,"column":5}},"line":42},"5":{"name":"(anonymous_5)","decl":{"start":{"line":46,"column":11},"end":{"line":46,"column":12}},"loc":{"start":{"line":46,"column":17},"end":{"line":49,"column":5}},"line":46}},"branchMap":{"0":{"loc":{"start":{"line":23,"column":11},"end":{"line":23,"column":49}},"type":"binary-expr","locations":[{"start":{"line":23,"column":11},"end":{"line":23,"column":22}},{"start":{"line":23,"column":26},"end":{"line":23,"column":49}}],"line":23},"1":{"loc":{"start":{"line":37,"column":6},"end":{"line":37,"column":42}},"type":"if","locations":[{"start":{"line":37,"column":6},"end":{"line":37,"column":42}},{"start":{},"end":{}}],"line":37}},"s":{"0":0,"1":0,"2":0,"3":0,"4":0,"5":0,"6":0,"7":0,"8":0,"9":0,"10":0,"11":0,"12":0,"13":0,"14":0,"15":0,"16":0,"17":0,"18":0},"f":{"0":0,"1":0,"2":0,"3":0,"4":0,"5":0},"b":{"0":[0,0],"1":[0,0]}}
,"/home/khack/personal/ai-software-engineer/bankgo/src/services/api/client.ts": {"path":"/home/khack/personal/ai-software-engineer/bankgo/src/services/api/client.ts","statementMap":{"0":{"start":{"line":16,"column":4},"end":{"line":16,"column":28}},"1":{"start":{"line":17,"column":4},"end":{"line":17,"column":34}},"2":{"start":{"line":18,"column":4},"end":{"line":18,"column":30}},"3":{"start":{"line":19,"column":4},"end":{"line":19,"column":36}},"4":{"start":{"line":20,"column":4},"end":{"line":20,"column":33}},"5":{"start":{"line":29,"column":2},"end":{"line":29,"column":83}},"6":{"start":{"line":42,"column":42},"end":{"line":45,"column":3}},"7":{"start":{"line":47,"column":16},"end":{"line":47,"column":43}},"8":{"start":{"line":48,"column":2},"end":{"line":50,"column":3}},"9":{"start":{"line":49,"column":4},"end":{"line":49,"column":49}},"10":{"start":{"line":52,"column":28},"end":{"line":55,"column":3}},"11":{"start":{"line":57,"column":2},"end":{"line":59,"column":3}},"12":{"start":{"line":58,"column":4},"end":{"line":58,"column":37}},"13":{"start":{"line":61,"column":19},"end":{"line":61,"column":58}},"14":{"start":{"line":63,"column":2},"end":{"line":74,"column":3}},"15":{"start":{"line":65,"column":4},"end":{"line":72,"column":5}},"16":{"start":{"line":66,"column":6},"end":{"line":66,"column":53}},"17":{"start":{"line":68,"column":6},"end":{"line":71,"column":8}},"18":{"start":{"line":73,"column":4},"end":{"line":73,"column":57}},"19":{"start":{"line":77,"column":2},"end":{"line":79,"column":3}},"20":{"start":{"line":78,"column":4},"end":{"line":78,"column":26}},"21":{"start":{"line":81,"column":2},"end":{"line":81,"column":39}},"22":{"start":{"line":88,"column":25},"end":{"line":108,"column":1}},"23":{"start":{"line":90,"column":4},"end":{"line":90,"column":35}},"24":{"start":{"line":94,"column":4},"end":{"line":94,"column":42}},"25":{"start":{"line":98,"column":4},"end":{"line":98,"column":43}},"26":{"start":{"line":102,"column":4},"end":{"line":102,"column":41}},"27":{"start":{"line":106,"column":4},"end":{"line":106,"column":38}}},"fnMap":{"0":{"name":"(anonymous_0)","decl":{"start":{"line":15,"column":2},"end":{"line":15,"column":3}},"loc":{"start":{"line":15,"column":54},"end":{"line":21,"column":3}},"line":15},"1":{"name":"request","decl":{"start":{"line":37,"column":15},"end":{"line":37,"column":22}},"loc":{"start":{"line":41,"column":14},"end":{"line":82,"column":1}},"line":41},"2":{"name":"(anonymous_2)","decl":{"start":{"line":89,"column":2},"end":{"line":89,"column":3}},"loc":{"start":{"line":89,"column":35},"end":{"line":91,"column":3}},"line":89},"3":{"name":"(anonymous_3)","decl":{"start":{"line":93,"column":2},"end":{"line":93,"column":3}},"loc":{"start":{"line":93,"column":52},"end":{"line":95,"column":3}},"line":93},"4":{"name":"(anonymous_4)","decl":{"start":{"line":97,"column":2},"end":{"line":97,"column":3}},"loc":{"start":{"line":97,"column":53},"end":{"line":99,"column":3}},"line":97},"5":{"name":"(anonymous_5)","decl":{"start":{"line":101,"column":2},"end":{"line":101,"column":3}},"loc":{"start":{"line":101,"column":51},"end":{"line":103,"column":3}},"line":101},"6":{"name":"(anonymous_6)","decl":{"start":{"line":105,"column":2},"end":{"line":105,"column":3}},"loc":{"start":{"line":105,"column":38},"end":{"line":107,"column":3}},"line":105}},"branchMap":{"0":{"loc":{"start":{"line":29,"column":2},"end":{"line":29,"column":83}},"type":"binary-expr","locations":[{"start":{"line":29,"column":3},"end":{"line":29,"column":33}},{"start":{"line":29,"column":37},"end":{"line":29,"column":76}},{"start":{"line":29,"column":81},"end":{"line":29,"column":83}}],"line":29},"1":{"loc":{"start":{"line":48,"column":2},"end":{"line":50,"column":3}},"type":"if","locations":[{"start":{"line":48,"column":2},"end":{"line":50,"column":3}},{"start":{},"end":{}}],"line":48},"2":{"loc":{"start":{"line":57,"column":2},"end":{"line":59,"column":3}},"type":"if","locations":[{"start":{"line":57,"column":2},"end":{"line":59,"column":3}},{"start":{},"end":{}}],"line":57},"3":{"loc":{"start":{"line":63,"column":2},"end":{"line":74,"column":3}},"type":"if","locations":[{"start":{"line":63,"column":2},"end":{"line":74,"column":3}},{"start":{},"end":{}}],"line":63},"4":{"loc":{"start":{"line":77,"column":2},"end":{"line":79,"column":3}},"type":"if","locations":[{"start":{"line":77,"column":2},"end":{"line":79,"column":3}},{"start":{},"end":{}}],"line":77}},"s":{"0":0,"1":0,"2":0,"3":0,"4":0,"5":1,"6":0,"7":0,"8":0,"9":0,"10":0,"11":0,"12":0,"13":0,"14":0,"15":0,"16":0,"17":0,"18":0,"19":0,"20":0,"21":0,"22":1,"23":0,"24":0,"25":0,"26":0,"27":0},"f":{"0":0,"1":0,"2":0,"3":0,"4":0,"5":0,"6":0},"b":{"0":[1,1,1],"1":[0,0],"2":[0,0],"3":[0,0],"4":[0,0]},"_coverageSchema":"1a1c01bbd47fc00a2c39e90264f33305004495a9","hash":"20f808272fb4d9ac8954a56c81221c070d82def9"}
,"/home/khack/personal/ai-software-engineer/bankgo/src/services/api/handlers.ts": {"path":"/home/khack/personal/ai-software-engineer/bankgo/src/services/api/handlers.ts","statementMap":{"0":{"start":{"line":21,"column":22},"end":{"line":21,"column":49}},"1":{"start":{"line":22,"column":16},"end":{"line":22,"column":48}},"2":{"start":{"line":22,"column":38},"end":{"line":22,"column":46}},"3":{"start":{"line":23,"column":22},"end":{"line":23,"column":23}},"4":{"start":{"line":29,"column":26},"end":{"line":29,"column":52}},"5":{"start":{"line":30,"column":27},"end":{"line":30,"column":54}},"6":{"start":{"line":33,"column":15},"end":{"line":33,"column":51}},"7":{"start":{"line":34,"column":2},"end":{"line":34,"column":48}},"8":{"start":{"line":38,"column":2},"end":{"line":41,"column":4}},"9":{"start":{"line":48,"column":13},"end":{"line":48,"column":66}},"10":{"start":{"line":48,"column":34},"end":{"line":48,"column":66}},"11":{"start":{"line":49,"column":15},"end":{"line":49,"column":46}},"12":{"start":{"line":49,"column":36},"end":{"line":49,"column":46}},"13":{"start":{"line":50,"column":13},"end":{"line":50,"column":45}},"14":{"start":{"line":50,"column":34},"end":{"line":50,"column":45}},"15":{"start":{"line":56,"column":24},"end":{"line":238,"column":1}},"16":{"start":{"line":59,"column":4},"end":{"line":59,"column":17}},"17":{"start":{"line":60,"column":32},"end":{"line":65,"column":5}},"18":{"start":{"line":67,"column":4},"end":{"line":67,"column":78}},"19":{"start":{"line":68,"column":4},"end":{"line":68,"column":52}},"20":{"start":{"line":73,"column":4},"end":{"line":73,"column":17}},"21":{"start":{"line":74,"column":4},"end":{"line":74,"column":53}},"22":{"start":{"line":74,"column":31},"end":{"line":74,"column":53}},"23":{"start":{"line":75,"column":4},"end":{"line":75,"column":56}},"24":{"start":{"line":80,"column":4},"end":{"line":80,"column":17}},"25":{"start":{"line":81,"column":4},"end":{"line":81,"column":53}},"26":{"start":{"line":81,"column":31},"end":{"line":81,"column":53}},"27":{"start":{"line":82,"column":4},"end":{"line":82,"column":60}},"28":{"start":{"line":87,"column":4},"end":{"line":87,"column":17}},"29":{"start":{"line":88,"column":4},"end":{"line":88,"column":53}},"30":{"start":{"line":88,"column":31},"end":{"line":88,"column":53}},"31":{"start":{"line":90,"column":20},"end":{"line":90,"column":64}},"32":{"start":{"line":90,"column":45},"end":{"line":90,"column":63}},"33":{"start":{"line":91,"column":4},"end":{"line":96,"column":5}},"34":{"start":{"line":92,"column":6},"end":{"line":95,"column":8}},"35":{"start":{"line":97,"column":4},"end":{"line":97,"column":55}},"36":{"start":{"line":102,"column":4},"end":{"line":102,"column":17}},"37":{"start":{"line":103,"column":4},"end":{"line":103,"column":53}},"38":{"start":{"line":103,"column":31},"end":{"line":103,"column":53}},"39":{"start":{"line":105,"column":16},"end":{"line":105,"column":36}},"40":{"start":{"line":106,"column":17},"end":{"line":106,"column":79}},"41":{"start":{"line":107,"column":18},"end":{"line":110,"column":5}},"42":{"start":{"line":112,"column":18},"end":{"line":115,"column":78}},"43":{"start":{"line":113,"column":21},"end":{"line":113,"column":46}},"44":{"start":{"line":115,"column":22},"end":{"line":115,"column":77}},"45":{"start":{"line":117,"column":18},"end":{"line":117,"column":30}},"46":{"start":{"line":118,"column":23},"end":{"line":118,"column":47}},"47":{"start":{"line":119,"column":18},"end":{"line":119,"column":36}},"48":{"start":{"line":120,"column":17},"end":{"line":120,"column":50}},"49":{"start":{"line":122,"column":4},"end":{"line":134,"column":6}},"50":{"start":{"line":139,"column":4},"end":{"line":139,"column":19}},"51":{"start":{"line":140,"column":4},"end":{"line":140,"column":53}},"52":{"start":{"line":140,"column":31},"end":{"line":140,"column":53}},"53":{"start":{"line":142,"column":17},"end":{"line":142,"column":58}},"54":{"start":{"line":145,"column":4},"end":{"line":150,"column":5}},"55":{"start":{"line":146,"column":6},"end":{"line":149,"column":8}},"56":{"start":{"line":152,"column":24},"end":{"line":152,"column":77}},"57":{"start":{"line":152,"column":49},"end":{"line":152,"column":76}},"58":{"start":{"line":153,"column":4},"end":{"line":158,"column":5}},"59":{"start":{"line":154,"column":6},"end":{"line":157,"column":8}},"60":{"start":{"line":160,"column":24},"end":{"line":160,"column":82}},"61":{"start":{"line":160,"column":54},"end":{"line":160,"column":81}},"62":{"start":{"line":161,"column":4},"end":{"line":166,"column":5}},"63":{"start":{"line":162,"column":6},"end":{"line":165,"column":8}},"64":{"start":{"line":168,"column":31},"end":{"line":177,"column":5}},"65":{"start":{"line":179,"column":4},"end":{"line":179,"column":45}},"66":{"start":{"line":180,"column":4},"end":{"line":180,"column":56}},"67":{"start":{"line":185,"column":4},"end":{"line":185,"column":17}},"68":{"start":{"line":186,"column":4},"end":{"line":186,"column":53}},"69":{"start":{"line":186,"column":31},"end":{"line":186,"column":53}},"70":{"start":{"line":188,"column":21},"end":{"line":188,"column":59}},"71":{"start":{"line":189,"column":4},"end":{"line":194,"column":5}},"72":{"start":{"line":190,"column":6},"end":{"line":193,"column":8}},"73":{"start":{"line":196,"column":4},"end":{"line":204,"column":5}},"74":{"start":{"line":197,"column":6},"end":{"line":203,"column":8}},"75":{"start":{"line":206,"column":32},"end":{"line":206,"column":68}},"76":{"start":{"line":207,"column":4},"end":{"line":207,"column":47}},"77":{"start":{"line":208,"column":4},"end":{"line":208,"column":57}},"78":{"start":{"line":213,"column":4},"end":{"line":213,"column":17}},"79":{"start":{"line":214,"column":4},"end":{"line":214,"column":53}},"80":{"start":{"line":214,"column":31},"end":{"line":214,"column":53}},"81":{"start":{"line":215,"column":4},"end":{"line":215,"column":57}},"82":{"start":{"line":220,"column":4},"end":{"line":220,"column":17}},"83":{"start":{"line":221,"column":4},"end":{"line":221,"column":53}},"84":{"start":{"line":221,"column":31},"end":{"line":221,"column":53}},"85":{"start":{"line":223,"column":16},"end":{"line":223,"column":62}},"86":{"start":{"line":223,"column":43},"end":{"line":223,"column":61}},"87":{"start":{"line":224,"column":4},"end":{"line":229,"column":5}},"88":{"start":{"line":225,"column":6},"end":{"line":228,"column":8}},"89":{"start":{"line":232,"column":4},"end":{"line":234,"column":6}},"90":{"start":{"line":233,"column":6},"end":{"line":233,"column":49}},"91":{"start":{"line":236,"column":4},"end":{"line":236,"column":62}}},"fnMap":{"0":{"name":"(anonymous_0)","decl":{"start":{"line":22,"column":30},"end":{"line":22,"column":31}},"loc":{"start":{"line":22,"column":38},"end":{"line":22,"column":46}},"line":22},"1":{"name":"requireAuth","decl":{"start":{"line":32,"column":9},"end":{"line":32,"column":20}},"loc":{"start":{"line":32,"column":48},"end":{"line":35,"column":1}},"line":32},"2":{"name":"unauthorized","decl":{"start":{"line":37,"column":9},"end":{"line":37,"column":21}},"loc":{"start":{"line":37,"column":73},"end":{"line":42,"column":1}},"line":37},"3":{"name":"(anonymous_3)","decl":{"start":{"line":48,"column":13},"end":{"line":48,"column":14}},"loc":{"start":{"line":48,"column":34},"end":{"line":48,"column":66}},"line":48},"4":{"name":"(anonymous_4)","decl":{"start":{"line":49,"column":15},"end":{"line":49,"column":16}},"loc":{"start":{"line":49,"column":36},"end":{"line":49,"column":46}},"line":49},"5":{"name":"(anonymous_5)","decl":{"start":{"line":50,"column":13},"end":{"line":50,"column":14}},"loc":{"start":{"line":50,"column":34},"end":{"line":50,"column":45}},"line":50},"6":{"name":"(anonymous_6)","decl":{"start":{"line":58,"column":27},"end":{"line":58,"column":28}},"loc":{"start":{"line":58,"column":39},"end":{"line":69,"column":3}},"line":58},"7":{"name":"(anonymous_7)","decl":{"start":{"line":72,"column":23},"end":{"line":72,"column":24}},"loc":{"start":{"line":72,"column":46},"end":{"line":76,"column":3}},"line":72},"8":{"name":"(anonymous_8)","decl":{"start":{"line":79,"column":24},"end":{"line":79,"column":25}},"loc":{"start":{"line":79,"column":47},"end":{"line":83,"column":3}},"line":79},"9":{"name":"(anonymous_9)","decl":{"start":{"line":86,"column":28},"end":{"line":86,"column":29}},"loc":{"start":{"line":86,"column":59},"end":{"line":98,"column":3}},"line":86},"10":{"name":"(anonymous_10)","decl":{"start":{"line":90,"column":38},"end":{"line":90,"column":39}},"loc":{"start":{"line":90,"column":45},"end":{"line":90,"column":63}},"line":90},"11":{"name":"(anonymous_11)","decl":{"start":{"line":101,"column":41},"end":{"line":101,"column":42}},"loc":{"start":{"line":101,"column":72},"end":{"line":135,"column":3}},"line":101},"12":{"name":"(anonymous_12)","decl":{"start":{"line":113,"column":14},"end":{"line":113,"column":15}},"loc":{"start":{"line":113,"column":21},"end":{"line":113,"column":46}},"line":113},"13":{"name":"(anonymous_13)","decl":{"start":{"line":115,"column":12},"end":{"line":115,"column":13}},"loc":{"start":{"line":115,"column":22},"end":{"line":115,"column":77}},"line":115},"14":{"name":"(anonymous_14)","decl":{"start":{"line":138,"column":26},"end":{"line":138,"column":27}},"loc":{"start":{"line":138,"column":49},"end":{"line":181,"column":3}},"line":138},"15":{"name":"(anonymous_15)","decl":{"start":{"line":152,"column":42},"end":{"line":152,"column":43}},"loc":{"start":{"line":152,"column":49},"end":{"line":152,"column":76}},"line":152},"16":{"name":"(anonymous_16)","decl":{"start":{"line":160,"column":47},"end":{"line":160,"column":48}},"loc":{"start":{"line":160,"column":54},"end":{"line":160,"column":81}},"line":160},"17":{"name":"(anonymous_17)","decl":{"start":{"line":184,"column":38},"end":{"line":184,"column":39}},"loc":{"start":{"line":184,"column":69},"end":{"line":209,"column":3}},"line":184},"18":{"name":"(anonymous_18)","decl":{"start":{"line":212,"column":21},"end":{"line":212,"column":22}},"loc":{"start":{"line":212,"column":44},"end":{"line":216,"column":3}},"line":212},"19":{"name":"(anonymous_19)","decl":{"start":{"line":219,"column":27},"end":{"line":219,"column":28}},"loc":{"start":{"line":219,"column":58},"end":{"line":237,"column":3}},"line":219},"20":{"name":"(anonymous_20)","decl":{"start":{"line":223,"column":36},"end":{"line":223,"column":37}},"loc":{"start":{"line":223,"column":43},"end":{"line":223,"column":61}},"line":223},"21":{"name":"(anonymous_21)","decl":{"start":{"line":232,"column":30},"end":{"line":232,"column":31}},"loc":{"start":{"line":233,"column":6},"end":{"line":233,"column":49}},"line":233}},"branchMap":{"0":{"loc":{"start":{"line":74,"column":4},"end":{"line":74,"column":53}},"type":"if","locations":[{"start":{"line":74,"column":4},"end":{"line":74,"column":53}},{"start":{},"end":{}}],"line":74},"1":{"loc":{"start":{"line":81,"column":4},"end":{"line":81,"column":53}},"type":"if","locations":[{"start":{"line":81,"column":4},"end":{"line":81,"column":53}},{"start":{},"end":{}}],"line":81},"2":{"loc":{"start":{"line":88,"column":4},"end":{"line":88,"column":53}},"type":"if","locations":[{"start":{"line":88,"column":4},"end":{"line":88,"column":53}},{"start":{},"end":{}}],"line":88},"3":{"loc":{"start":{"line":91,"column":4},"end":{"line":96,"column":5}},"type":"if","locations":[{"start":{"line":91,"column":4},"end":{"line":96,"column":5}},{"start":{},"end":{}}],"line":91},"4":{"loc":{"start":{"line":103,"column":4},"end":{"line":103,"column":53}},"type":"if","locations":[{"start":{"line":103,"column":4},"end":{"line":103,"column":53}},{"start":{},"end":{}}],"line":103},"5":{"loc":{"start":{"line":106,"column":38},"end":{"line":106,"column":73}},"type":"binary-expr","locations":[{"start":{"line":106,"column":38},"end":{"line":106,"column":66}},{"start":{"line":106,"column":70},"end":{"line":106,"column":73}}],"line":106},"6":{"loc":{"start":{"line":109,"column":27},"end":{"line":109,"column":64}},"type":"binary-expr","locations":[{"start":{"line":109,"column":27},"end":{"line":109,"column":56}},{"start":{"line":109,"column":60},"end":{"line":109,"column":64}}],"line":109},"7":{"loc":{"start":{"line":140,"column":4},"end":{"line":140,"column":53}},"type":"if","locations":[{"start":{"line":140,"column":4},"end":{"line":140,"column":53}},{"start":{},"end":{}}],"line":140},"8":{"loc":{"start":{"line":145,"column":4},"end":{"line":150,"column":5}},"type":"if","locations":[{"start":{"line":145,"column":4},"end":{"line":150,"column":5}},{"start":{},"end":{}}],"line":145},"9":{"loc":{"start":{"line":145,"column":8},"end":{"line":145,"column":86}},"type":"binary-expr","locations":[{"start":{"line":145,"column":8},"end":{"line":145,"column":27}},{"start":{"line":145,"column":31},"end":{"line":145,"column":50}},{"start":{"line":145,"column":54},"end":{"line":145,"column":66}},{"start":{"line":145,"column":70},"end":{"line":145,"column":86}}],"line":145},"10":{"loc":{"start":{"line":153,"column":4},"end":{"line":158,"column":5}},"type":"if","locations":[{"start":{"line":153,"column":4},"end":{"line":158,"column":5}},{"start":{},"end":{}}],"line":153},"11":{"loc":{"start":{"line":161,"column":4},"end":{"line":166,"column":5}},"type":"if","locations":[{"start":{"line":161,"column":4},"end":{"line":166,"column":5}},{"start":{},"end":{}}],"line":161},"12":{"loc":{"start":{"line":173,"column":16},"end":{"line":173,"column":53}},"type":"binary-expr","locations":[{"start":{"line":173,"column":16},"end":{"line":173,"column":29}},{"start":{"line":173,"column":33},"end":{"line":173,"column":53}}],"line":173},"13":{"loc":{"start":{"line":174,"column":19},"end":{"line":174,"column":41}},"type":"binary-expr","locations":[{"start":{"line":174,"column":19},"end":{"line":174,"column":35}},{"start":{"line":174,"column":39},"end":{"line":174,"column":41}}],"line":174},"14":{"loc":{"start":{"line":186,"column":4},"end":{"line":186,"column":53}},"type":"if","locations":[{"start":{"line":186,"column":4},"end":{"line":186,"column":53}},{"start":{},"end":{}}],"line":186},"15":{"loc":{"start":{"line":189,"column":4},"end":{"line":194,"column":5}},"type":"if","locations":[{"start":{"line":189,"column":4},"end":{"line":194,"column":5}},{"start":{},"end":{}}],"line":189},"16":{"loc":{"start":{"line":196,"column":4},"end":{"line":204,"column":5}},"type":"if","locations":[{"start":{"line":196,"column":4},"end":{"line":204,"column":5}},{"start":{},"end":{}}],"line":196},"17":{"loc":{"start":{"line":214,"column":4},"end":{"line":214,"column":53}},"type":"if","locations":[{"start":{"line":214,"column":4},"end":{"line":214,"column":53}},{"start":{},"end":{}}],"line":214},"18":{"loc":{"start":{"line":221,"column":4},"end":{"line":221,"column":53}},"type":"if","locations":[{"start":{"line":221,"column":4},"end":{"line":221,"column":53}},{"start":{},"end":{}}],"line":221},"19":{"loc":{"start":{"line":224,"column":4},"end":{"line":229,"column":5}},"type":"if","locations":[{"start":{"line":224,"column":4},"end":{"line":229,"column":5}},{"start":{},"end":{}}],"line":224},"20":{"loc":{"start":{"line":233,"column":6},"end":{"line":233,"column":49}},"type":"cond-expr","locations":[{"start":{"line":233,"column":18},"end":{"line":233,"column":45}},{"start":{"line":233,"column":48},"end":{"line":233,"column":49}}],"line":233}},"s":{"0":0,"1":0,"2":0,"3":0,"4":0,"5":0,"6":0,"7":0,"8":0,"9":0,"10":0,"11":0,"12":0,"13":0,"14":0,"15":0,"16":0,"17":0,"18":0,"19":0,"20":0,"21":0,"22":0,"23":0,"24":0,"25":0,"26":0,"27":0,"28":0,"29":0,"30":0,"31":0,"32":0,"33":0,"34":0,"35":0,"36":0,"37":0,"38":0,"39":0,"40":0,"41":0,"42":0,"43":0,"44":0,"45":0,"46":0,"47":0,"48":0,"49":0,"50":0,"51":0,"52":0,"53":0,"54":0,"55":0,"56":0,"57":0,"58":0,"59":0,"60":0,"61":0,"62":0,"63":0,"64":0,"65":0,"66":0,"67":0,"68":0,"69":0,"70":0,"71":0,"72":0,"73":0,"74":0,"75":0,"76":0,"77":0,"78":0,"79":0,"80":0,"81":0,"82":0,"83":0,"84":0,"85":0,"86":0,"87":0,"88":0,"89":0,"90":0,"91":0},"f":{"0":0,"1":0,"2":0,"3":0,"4":0,"5":0,"6":0,"7":0,"8":0,"9":0,"10":0,"11":0,"12":0,"13":0,"14":0,"15":0,"16":0,"17":0,"18":0,"19":0,"20":0,"21":0},"b":{"0":[0,0],"1":[0,0],"2":[0,0],"3":[0,0],"4":[0,0],"5":[0,0],"6":[0,0],"7":[0,0],"8":[0,0],"9":[0,0,0,0],"10":[0,0],"11":[0,0],"12":[0,0],"13":[0,0],"14":[0,0],"15":[0,0],"16":[0,0],"17":[0,0],"18":[0,0],"19":[0,0],"20":[0,0]}}
,"/home/khack/personal/ai-software-engineer/bankgo/src/services/api/seed.ts": {"path":"/home/khack/personal/ai-software-engineer/bankgo/src/services/api/seed.ts","statementMap":{"0":{"start":{"line":15,"column":30},"end":{"line":19,"column":1}},"1":{"start":{"line":25,"column":39},"end":{"line":50,"column":1}},"2":{"start":{"line":57,"column":2},"end":{"line":57,"column":28}},"3":{"start":{"line":61,"column":12},"end":{"line":61,"column":44}},"4":{"start":{"line":62,"column":2},"end":{"line":62,"column":29}},"5":{"start":{"line":63,"column":2},"end":{"line":63,"column":11}},"6":{"start":{"line":70,"column":60},"end":{"line":96,"column":1}},"7":{"start":{"line":98,"column":59},"end":{"line":124,"column":1}},"8":{"start":{"line":126,"column":62},"end":{"line":152,"column":1}},"9":{"start":{"line":158,"column":2},"end":{"line":162,"column":6}},"10":{"start":{"line":158,"column":33},"end":{"line":162,"column":3}},"11":{"start":{"line":165,"column":47},"end":{"line":169,"column":1}},"12":{"start":{"line":175,"column":33},"end":{"line":192,"column":1}},"13":{"start":{"line":198,"column":48},"end":{"line":217,"column":1}}},"fnMap":{"0":{"name":"iso","decl":{"start":{"line":56,"column":9},"end":{"line":56,"column":12}},"loc":{"start":{"line":56,"column":33},"end":{"line":58,"column":1}},"line":56},"1":{"name":"daysAgo","decl":{"start":{"line":60,"column":9},"end":{"line":60,"column":16}},"loc":{"start":{"line":60,"column":34},"end":{"line":64,"column":1}},"line":60},"2":{"name":"buildTransactions","decl":{"start":{"line":154,"column":9},"end":{"line":154,"column":26}},"loc":{"start":{"line":157,"column":17},"end":{"line":163,"column":1}},"line":157},"3":{"name":"(anonymous_3)","decl":{"start":{"line":158,"column":19},"end":{"line":158,"column":20}},"loc":{"start":{"line":158,"column":33},"end":{"line":162,"column":3}},"line":158}},"branchMap":{},"s":{"0":0,"1":0,"2":0,"3":0,"4":0,"5":0,"6":0,"7":0,"8":0,"9":0,"10":0,"11":0,"12":0,"13":0},"f":{"0":0,"1":0,"2":0,"3":0},"b":{}}
,"/home/khack/personal/ai-software-engineer/bankgo/src/services/api/setup.ts": {"path":"/home/khack/personal/ai-software-engineer/bankgo/src/services/api/setup.ts","statementMap":{"0":{"start":{"line":23,"column":72},"end":{"line":23,"column":76}},"1":{"start":{"line":26,"column":2},"end":{"line":33,"column":3}},"2":{"start":{"line":28,"column":28},"end":{"line":28,"column":76}},"3":{"start":{"line":29,"column":4},"end":{"line":29,"column":39}},"4":{"start":{"line":30,"column":4},"end":{"line":30,"column":51}},"5":{"start":{"line":31,"column":4},"end":{"line":31,"column":65}},"6":{"start":{"line":32,"column":4},"end":{"line":32,"column":19}},"7":{"start":{"line":42,"column":2},"end":{"line":47,"column":3}},"8":{"start":{"line":43,"column":4},"end":{"line":46,"column":6}},"9":{"start":{"line":49,"column":2},"end":{"line":49,"column":14}},"10":{"start":{"line":57,"column":2},"end":{"line":61,"column":3}},"11":{"start":{"line":58,"column":4},"end":{"line":58,"column":20}},"12":{"start":{"line":59,"column":4},"end":{"line":59,"column":19}},"13":{"start":{"line":60,"column":4},"end":{"line":60,"column":46}},"14":{"start":{"line":69,"column":2},"end":{"line":71,"column":3}},"15":{"start":{"line":70,"column":4},"end":{"line":70,"column":28}},"16":{"start":{"line":81,"column":2},"end":{"line":81,"column":17}}},"fnMap":{"0":{"name":"setupMockServer","decl":{"start":{"line":25,"column":16},"end":{"line":25,"column":31}},"loc":{"start":{"line":25,"column":34},"end":{"line":50,"column":1}},"line":25},"1":{"name":"teardownMockServer","decl":{"start":{"line":56,"column":16},"end":{"line":56,"column":34}},"loc":{"start":{"line":56,"column":37},"end":{"line":62,"column":1}},"line":56},"2":{"name":"resetMockHandlers","decl":{"start":{"line":68,"column":16},"end":{"line":68,"column":33}},"loc":{"start":{"line":68,"column":36},"end":{"line":72,"column":1}},"line":68},"3":{"name":"getMockServer","decl":{"start":{"line":80,"column":16},"end":{"line":80,"column":29}},"loc":{"start":{"line":80,"column":32},"end":{"line":82,"column":1}},"line":80}},"branchMap":{"0":{"loc":{"start":{"line":26,"column":2},"end":{"line":33,"column":3}},"type":"if","locations":[{"start":{"line":26,"column":2},"end":{"line":33,"column":3}},{"start":{},"end":{}}],"line":26},"1":{"loc":{"start":{"line":26,"column":6},"end":{"line":26,"column":74}},"type":"binary-expr","locations":[{"start":{"line":26,"column":6},"end":{"line":26,"column":36}},{"start":{"line":26,"column":40},"end":{"line":26,"column":74}}],"line":26},"2":{"loc":{"start":{"line":42,"column":2},"end":{"line":47,"column":3}},"type":"if","locations":[{"start":{"line":42,"column":2},"end":{"line":47,"column":3}},{"start":{},"end":{}}],"line":42},"3":{"loc":{"start":{"line":57,"column":2},"end":{"line":61,"column":3}},"type":"if","locations":[{"start":{"line":57,"column":2},"end":{"line":61,"column":3}},{"start":{},"end":{}}],"line":57},"4":{"loc":{"start":{"line":69,"column":2},"end":{"line":71,"column":3}},"type":"if","locations":[{"start":{"line":69,"column":2},"end":{"line":71,"column":3}},{"start":{},"end":{}}],"line":69}},"s":{"0":0,"1":0,"2":0,"3":0,"4":0,"5":0,"6":0,"7":0,"8":0,"9":0,"10":0,"11":0,"12":0,"13":0,"14":0,"15":0,"16":0},"f":{"0":0,"1":0,"2":0,"3":0},"b":{"0":[0,0],"1":[0,0],"2":[0,0],"3":[0,0],"4":[0,0]}}
,"/home/khack/personal/ai-software-engineer/bankgo/src/services/auth/authService.ts": {"path":"/home/khack/personal/ai-software-engineer/bankgo/src/services/auth/authService.ts","statementMap":{"0":{"start":{"line":13,"column":13},"end":{"line":17,"column":10}},"1":{"start":{"line":23,"column":27},"end":{"line":108,"column":1}},"2":{"start":{"line":29,"column":21},"end":{"line":29,"column":49}},"3":{"start":{"line":30,"column":22},"end":{"line":30,"column":59}},"4":{"start":{"line":31,"column":18},"end":{"line":31,"column":39}},"5":{"start":{"line":33,"column":21},"end":{"line":39,"column":6}},"6":{"start":{"line":41,"column":22},"end":{"line":41,"column":61}},"7":{"start":{"line":44,"column":4},"end":{"line":44,"column":77}},"8":{"start":{"line":45,"column":4},"end":{"line":45,"column":79}},"9":{"start":{"line":46,"column":4},"end":{"line":46,"column":71}},"10":{"start":{"line":49,"column":4},"end":{"line":49,"column":72}},"11":{"start":{"line":52,"column":4},"end":{"line":52,"column":43}},"12":{"start":{"line":59,"column":4},"end":{"line":59,"column":57}},"13":{"start":{"line":60,"column":4},"end":{"line":60,"column":58}},"14":{"start":{"line":61,"column":4},"end":{"line":61,"column":55}},"15":{"start":{"line":63,"column":4},"end":{"line":63,"column":23}},"16":{"start":{"line":65,"column":4},"end":{"line":65,"column":44}},"17":{"start":{"line":72,"column":4},"end":{"line":72,"column":33}},"18":{"start":{"line":80,"column":4},"end":{"line":80,"column":43}},"19":{"start":{"line":88,"column":54},"end":{"line":92,"column":6}},"20":{"start":{"line":94,"column":4},"end":{"line":96,"column":5}},"21":{"start":{"line":95,"column":6},"end":{"line":95,"column":19}},"22":{"start":{"line":98,"column":22},"end":{"line":98,"column":48}},"23":{"start":{"line":99,"column":4},"end":{"line":103,"column":5}},"24":{"start":{"line":101,"column":6},"end":{"line":101,"column":33}},"25":{"start":{"line":102,"column":6},"end":{"line":102,"column":19}},"26":{"start":{"line":105,"column":4},"end":{"line":105,"column":52}},"27":{"start":{"line":106,"column":4},"end":{"line":106,"column":16}}},"fnMap":{"0":{"name":"(anonymous_0)","decl":{"start":{"line":28,"column":2},"end":{"line":28,"column":3}},"loc":{"start":{"line":28,"column":62},"end":{"line":53,"column":3}},"line":28},"1":{"name":"(anonymous_1)","decl":{"start":{"line":58,"column":2},"end":{"line":58,"column":3}},"loc":{"start":{"line":58,"column":32},"end":{"line":66,"column":3}},"line":58},"2":{"name":"(anonymous_2)","decl":{"start":{"line":71,"column":2},"end":{"line":71,"column":3}},"loc":{"start":{"line":71,"column":29},"end":{"line":73,"column":3}},"line":71},"3":{"name":"(anonymous_3)","decl":{"start":{"line":79,"column":2},"end":{"line":79,"column":3}},"loc":{"start":{"line":79,"column":33},"end":{"line":81,"column":3}},"line":79},"4":{"name":"(anonymous_4)","decl":{"start":{"line":87,"column":2},"end":{"line":87,"column":3}},"loc":{"start":{"line":87,"column":43},"end":{"line":107,"column":3}},"line":87}},"branchMap":{"0":{"loc":{"start":{"line":94,"column":4},"end":{"line":96,"column":5}},"type":"if","locations":[{"start":{"line":94,"column":4},"end":{"line":96,"column":5}},{"start":{},"end":{}}],"line":94},"1":{"loc":{"start":{"line":94,"column":8},"end":{"line":94,"column":54}},"type":"binary-expr","locations":[{"start":{"line":94,"column":8},"end":{"line":94,"column":20}},{"start":{"line":94,"column":24},"end":{"line":94,"column":37}},{"start":{"line":94,"column":41},"end":{"line":94,"column":54}}],"line":94},"2":{"loc":{"start":{"line":99,"column":4},"end":{"line":103,"column":5}},"type":"if","locations":[{"start":{"line":99,"column":4},"end":{"line":103,"column":5}},{"start":{},"end":{}}],"line":99},"3":{"loc":{"start":{"line":99,"column":8},"end":{"line":99,"column":51}},"type":"binary-expr","locations":[{"start":{"line":99,"column":8},"end":{"line":99,"column":24}},{"start":{"line":99,"column":28},"end":{"line":99,"column":51}}],"line":99}},"s":{"0":0,"1":0,"2":0,"3":0,"4":0,"5":0,"6":0,"7":0,"8":0,"9":0,"10":0,"11":0,"12":0,"13":0,"14":0,"15":0,"16":0,"17":0,"18":0,"19":0,"20":0,"21":0,"22":0,"23":0,"24":0,"25":0,"26":0,"27":0},"f":{"0":0,"1":0,"2":0,"3":0,"4":0},"b":{"0":[0,0],"1":[0,0,0],"2":[0,0],"3":[0,0]}}
,"/home/khack/personal/ai-software-engineer/bankgo/src/services/auth/pkce.ts": {"path":"/home/khack/personal/ai-software-engineer/bankgo/src/services/auth/pkce.ts","statementMap":{"0":{"start":{"line":11,"column":15},"end":{"line":11,"column":17}},"1":{"start":{"line":12,"column":2},"end":{"line":14,"column":3}},"2":{"start":{"line":12,"column":15},"end":{"line":12,"column":16}},"3":{"start":{"line":13,"column":4},"end":{"line":13,"column":46}},"4":{"start":{"line":15,"column":2},"end":{"line":18,"column":24}},"5":{"start":{"line":28,"column":16},"end":{"line":28,"column":41}},"6":{"start":{"line":29,"column":2},"end":{"line":29,"column":28}},"7":{"start":{"line":38,"column":17},"end":{"line":42,"column":3}},"8":{"start":{"line":43,"column":2},"end":{"line":43,"column":45}},"9":{"start":{"line":51,"column":16},"end":{"line":51,"column":41}},"10":{"start":{"line":52,"column":2},"end":{"line":54,"column":14}},"11":{"start":{"line":53,"column":16},"end":{"line":53,"column":47}}},"fnMap":{"0":{"name":"toBase64Url","decl":{"start":{"line":9,"column":9},"end":{"line":9,"column":20}},"loc":{"start":{"line":9,"column":49},"end":{"line":19,"column":1}},"line":9},"1":{"name":"generateCodeVerifier","decl":{"start":{"line":26,"column":22},"end":{"line":26,"column":42}},"loc":{"start":{"line":26,"column":62},"end":{"line":30,"column":1}},"line":26},"2":{"name":"generateCodeChallenge","decl":{"start":{"line":37,"column":22},"end":{"line":37,"column":43}},"loc":{"start":{"line":37,"column":79},"end":{"line":44,"column":1}},"line":37},"3":{"name":"generateState","decl":{"start":{"line":50,"column":22},"end":{"line":50,"column":35}},"loc":{"start":{"line":50,"column":55},"end":{"line":55,"column":1}},"line":50},"4":{"name":"(anonymous_4)","decl":{"start":{"line":53,"column":9},"end":{"line":53,"column":10}},"loc":{"start":{"line":53,"column":16},"end":{"line":53,"column":47}},"line":53}},"branchMap":{},"s":{"0":7,"1":7,"2":7,"3":224,"4":7,"5":5,"6":5,"7":2,"8":2,"9":1,"10":1,"11":16},"f":{"0":7,"1":5,"2":2,"3":1,"4":16},"b":{},"_coverageSchema":"1a1c01bbd47fc00a2c39e90264f33305004495a9","hash":"1c85ac2fd1a954d62877a8ad70ae962277ee13dd"}
,"/home/khack/personal/ai-software-engineer/bankgo/src/services/auth/tokenStore.ts": {"path":"/home/khack/personal/ai-software-engineer/bankgo/src/services/auth/tokenStore.ts","statementMap":{"0":{"start":{"line":9,"column":34},"end":{"line":9,"column":38}},"1":{"start":{"line":10,"column":35},"end":{"line":10,"column":39}},"2":{"start":{"line":12,"column":26},"end":{"line":37,"column":1}},"3":{"start":{"line":14,"column":4},"end":{"line":14,"column":24}},"4":{"start":{"line":18,"column":4},"end":{"line":18,"column":25}},"5":{"start":{"line":22,"column":4},"end":{"line":22,"column":26}},"6":{"start":{"line":23,"column":4},"end":{"line":23,"column":28}},"7":{"start":{"line":25,"column":4},"end":{"line":25,"column":84}},"8":{"start":{"line":29,"column":4},"end":{"line":29,"column":24}},"9":{"start":{"line":30,"column":4},"end":{"line":30,"column":25}},"10":{"start":{"line":31,"column":4},"end":{"line":31,"column":49}},"11":{"start":{"line":35,"column":4},"end":{"line":35,"column":33}}},"fnMap":{"0":{"name":"(anonymous_0)","decl":{"start":{"line":13,"column":2},"end":{"line":13,"column":3}},"loc":{"start":{"line":13,"column":34},"end":{"line":15,"column":3}},"line":13},"1":{"name":"(anonymous_1)","decl":{"start":{"line":17,"column":2},"end":{"line":17,"column":3}},"loc":{"start":{"line":17,"column":35},"end":{"line":19,"column":3}},"line":17},"2":{"name":"(anonymous_2)","decl":{"start":{"line":21,"column":2},"end":{"line":21,"column":3}},"loc":{"start":{"line":21,"column":51},"end":{"line":26,"column":3}},"line":21},"3":{"name":"(anonymous_3)","decl":{"start":{"line":28,"column":2},"end":{"line":28,"column":3}},"loc":{"start":{"line":28,"column":16},"end":{"line":32,"column":3}},"line":28},"4":{"name":"(anonymous_4)","decl":{"start":{"line":34,"column":2},"end":{"line":34,"column":3}},"loc":{"start":{"line":34,"column":22},"end":{"line":36,"column":3}},"line":34}},"branchMap":{},"s":{"0":1,"1":1,"2":1,"3":0,"4":0,"5":0,"6":0,"7":0,"8":0,"9":0,"10":0,"11":0},"f":{"0":0,"1":0,"2":0,"3":0,"4":0},"b":{},"_coverageSchema":"1a1c01bbd47fc00a2c39e90264f33305004495a9","hash":"26f68295219fb215476f0ad3e66806001a74b34d"}
,"/home/khack/personal/ai-software-engineer/bankgo/src/services/cache/cacheService.ts": {"path":"/home/khack/personal/ai-software-engineer/bankgo/src/services/cache/cacheService.ts","statementMap":{"0":{"start":{"line":9,"column":24},"end":{"line":9,"column":37}},"1":{"start":{"line":10,"column":28},"end":{"line":10,"column":41}},"2":{"start":{"line":26,"column":28},"end":{"line":71,"column":1}},"3":{"start":{"line":28,"column":16},"end":{"line":28,"column":26}},"4":{"start":{"line":29,"column":33},"end":{"line":33,"column":5}},"5":{"start":{"line":34,"column":4},"end":{"line":34,"column":59}},"6":{"start":{"line":38,"column":16},"end":{"line":38,"column":47}},"7":{"start":{"line":39,"column":4},"end":{"line":39,"column":34}},"8":{"start":{"line":39,"column":22},"end":{"line":39,"column":34}},"9":{"start":{"line":42,"column":4},"end":{"line":46,"column":5}},"10":{"start":{"line":43,"column":6},"end":{"line":43,"column":47}},"11":{"start":{"line":45,"column":6},"end":{"line":45,"column":18}},"12":{"start":{"line":48,"column":4},"end":{"line":51,"column":5}},"13":{"start":{"line":49,"column":6},"end":{"line":49,"column":41}},"14":{"start":{"line":50,"column":6},"end":{"line":50,"column":18}},"15":{"start":{"line":53,"column":4},"end":{"line":53,"column":22}},"16":{"start":{"line":57,"column":4},"end":{"line":57,"column":39}},"17":{"start":{"line":61,"column":28},"end":{"line":61,"column":45}},"18":{"start":{"line":63,"column":6},"end":{"line":63,"column":48}}},"fnMap":{"0":{"name":"(anonymous_0)","decl":{"start":{"line":27,"column":2},"end":{"line":27,"column":3}},"loc":{"start":{"line":27,"column":68},"end":{"line":35,"column":3}},"line":27},"1":{"name":"(anonymous_1)","decl":{"start":{"line":37,"column":2},"end":{"line":37,"column":3}},"loc":{"start":{"line":37,"column":47},"end":{"line":54,"column":3}},"line":37},"2":{"name":"(anonymous_2)","decl":{"start":{"line":56,"column":2},"end":{"line":56,"column":3}},"loc":{"start":{"line":56,"column":43},"end":{"line":58,"column":3}},"line":56},"3":{"name":"(anonymous_3)","decl":{"start":{"line":61,"column":14},"end":{"line":61,"column":15}},"loc":{"start":{"line":61,"column":28},"end":{"line":61,"column":45}},"line":61},"4":{"name":"(anonymous_4)","decl":{"start":{"line":62,"column":18},"end":{"line":62,"column":19}},"loc":{"start":{"line":63,"column":6},"end":{"line":63,"column":48}},"line":63}},"branchMap":{"0":{"loc":{"start":{"line":32,"column":24},"end":{"line":32,"column":48}},"type":"binary-expr","locations":[{"start":{"line":32,"column":24},"end":{"line":32,"column":29}},{"start":{"line":32,"column":33},"end":{"line":32,"column":48}}],"line":32},"1":{"loc":{"start":{"line":39,"column":4},"end":{"line":39,"column":34}},"type":"if","locations":[{"start":{"line":39,"column":4},"end":{"line":39,"column":34}},{"start":{},"end":{}}],"line":39},"2":{"loc":{"start":{"line":48,"column":4},"end":{"line":51,"column":5}},"type":"if","locations":[{"start":{"line":48,"column":4},"end":{"line":51,"column":5}},{"start":{},"end":{}}],"line":48}},"s":{"0":2,"1":2,"2":2,"3":7,"4":7,"5":7,"6":8,"7":8,"8":3,"9":5,"10":5,"11":0,"12":5,"13":1,"14":1,"15":4,"16":1,"17":8,"18":0},"f":{"0":7,"1":8,"2":1,"3":8,"4":0},"b":{"0":[7,0],"1":[3,5],"2":[1,4]},"_coverageSchema":"1a1c01bbd47fc00a2c39e90264f33305004495a9","hash":"1b4b63208f04fdff8c47c4288e2835c7a8de5a98"}
,"/home/khack/personal/ai-software-engineer/bankgo/src/stores/accountsStore.ts": {"path":"/home/khack/personal/ai-software-engineer/bankgo/src/stores/accountsStore.ts","statementMap":{"0":{"start":{"line":28,"column":32},"end":{"line":75,"column":3}},"1":{"start":{"line":28,"column":69},"end":{"line":75,"column":1}},"2":{"start":{"line":36,"column":4},"end":{"line":36,"column":42}},"3":{"start":{"line":38,"column":4},"end":{"line":69,"column":5}},"4":{"start":{"line":39,"column":23},"end":{"line":39,"column":66}},"5":{"start":{"line":40,"column":23},"end":{"line":40,"column":51}},"6":{"start":{"line":41,"column":6},"end":{"line":41,"column":76}},"7":{"start":{"line":43,"column":6},"end":{"line":48,"column":9}},"8":{"start":{"line":50,"column":6},"end":{"line":50,"column":79}},"9":{"start":{"line":52,"column":23},"end":{"line":52,"column":51}},"10":{"start":{"line":53,"column":21},"end":{"line":53,"column":64}},"11":{"start":{"line":55,"column":6},"end":{"line":68,"column":7}},"12":{"start":{"line":56,"column":8},"end":{"line":61,"column":11}},"13":{"start":{"line":63,"column":8},"end":{"line":67,"column":11}},"14":{"start":{"line":73,"column":4},"end":{"line":73,"column":51}},"15":{"start":{"line":73,"column":38},"end":{"line":73,"column":49}}},"fnMap":{"0":{"name":"(anonymous_0)","decl":{"start":{"line":28,"column":54},"end":{"line":28,"column":55}},"loc":{"start":{"line":28,"column":69},"end":{"line":75,"column":1}},"line":28},"1":{"name":"(anonymous_1)","decl":{"start":{"line":35,"column":2},"end":{"line":35,"column":3}},"loc":{"start":{"line":35,"column":39},"end":{"line":70,"column":3}},"line":35},"2":{"name":"(anonymous_2)","decl":{"start":{"line":72,"column":2},"end":{"line":72,"column":3}},"loc":{"start":{"line":72,"column":50},"end":{"line":74,"column":3}},"line":72},"3":{"name":"(anonymous_3)","decl":{"start":{"line":73,"column":31},"end":{"line":73,"column":32}},"loc":{"start":{"line":73,"column":38},"end":{"line":73,"column":49}},"line":73}},"branchMap":{"0":{"loc":{"start":{"line":55,"column":6},"end":{"line":68,"column":7}},"type":"if","locations":[{"start":{"line":55,"column":6},"end":{"line":68,"column":7}},{"start":{"line":62,"column":13},"end":{"line":68,"column":7}}],"line":55}},"s":{"0":1,"1":1,"2":4,"3":4,"4":4,"5":2,"6":2,"7":2,"8":2,"9":2,"10":2,"11":2,"12":1,"13":1,"14":0,"15":0},"f":{"0":1,"1":4,"2":0,"3":0},"b":{"0":[1,1]},"_coverageSchema":"1a1c01bbd47fc00a2c39e90264f33305004495a9","hash":"7c4ea66bcbcf96499606dcbfe5ffb6bae4923100"}
,"/home/khack/personal/ai-software-engineer/bankgo/src/stores/authStore.ts": {"path":"/home/khack/personal/ai-software-engineer/bankgo/src/stores/authStore.ts","statementMap":{"0":{"start":{"line":31,"column":28},"end":{"line":94,"column":3}},"1":{"start":{"line":31,"column":56},"end":{"line":94,"column":1}},"2":{"start":{"line":38,"column":4},"end":{"line":38,"column":42}},"3":{"start":{"line":39,"column":4},"end":{"line":56,"column":5}},"4":{"start":{"line":40,"column":6},"end":{"line":40,"column":47}},"5":{"start":{"line":43,"column":30},"end":{"line":43,"column":34}},"6":{"start":{"line":44,"column":6},"end":{"line":48,"column":7}},"7":{"start":{"line":45,"column":8},"end":{"line":45,"column":43}},"8":{"start":{"line":47,"column":8},"end":{"line":47,"column":75}},"9":{"start":{"line":50,"column":6},"end":{"line":50,"column":74}},"10":{"start":{"line":52,"column":22},"end":{"line":52,"column":73}},"11":{"start":{"line":53,"column":6},"end":{"line":53,"column":52}},"12":{"start":{"line":54,"column":6},"end":{"line":54,"column":72}},"13":{"start":{"line":55,"column":6},"end":{"line":55,"column":16}},"14":{"start":{"line":60,"column":4},"end":{"line":60,"column":29}},"15":{"start":{"line":61,"column":4},"end":{"line":67,"column":5}},"16":{"start":{"line":62,"column":6},"end":{"line":62,"column":33}},"17":{"start":{"line":64,"column":6},"end":{"line":64,"column":71}},"18":{"start":{"line":66,"column":6},"end":{"line":66,"column":81}},"19":{"start":{"line":71,"column":4},"end":{"line":71,"column":42}},"20":{"start":{"line":72,"column":4},"end":{"line":92,"column":5}},"21":{"start":{"line":73,"column":23},"end":{"line":73,"column":57}},"22":{"start":{"line":75,"column":6},"end":{"line":78,"column":7}},"23":{"start":{"line":76,"column":8},"end":{"line":76,"column":70}},"24":{"start":{"line":77,"column":8},"end":{"line":77,"column":15}},"25":{"start":{"line":81,"column":30},"end":{"line":81,"column":34}},"26":{"start":{"line":82,"column":6},"end":{"line":86,"column":7}},"27":{"start":{"line":83,"column":8},"end":{"line":83,"column":43}},"28":{"start":{"line":85,"column":8},"end":{"line":85,"column":77}},"29":{"start":{"line":88,"column":6},"end":{"line":88,"column":61}},"30":{"start":{"line":90,"column":6},"end":{"line":90,"column":61}},"31":{"start":{"line":91,"column":6},"end":{"line":91,"column":68}}},"fnMap":{"0":{"name":"(anonymous_0)","decl":{"start":{"line":31,"column":46},"end":{"line":31,"column":47}},"loc":{"start":{"line":31,"column":56},"end":{"line":94,"column":1}},"line":31},"1":{"name":"(anonymous_1)","decl":{"start":{"line":37,"column":2},"end":{"line":37,"column":3}},"loc":{"start":{"line":37,"column":62},"end":{"line":57,"column":3}},"line":37},"2":{"name":"(anonymous_2)","decl":{"start":{"line":59,"column":2},"end":{"line":59,"column":3}},"loc":{"start":{"line":59,"column":32},"end":{"line":68,"column":3}},"line":59},"3":{"name":"(anonymous_3)","decl":{"start":{"line":70,"column":2},"end":{"line":70,"column":3}},"loc":{"start":{"line":70,"column":36},"end":{"line":93,"column":3}},"line":70}},"branchMap":{"0":{"loc":{"start":{"line":52,"column":22},"end":{"line":52,"column":73}},"type":"cond-expr","locations":[{"start":{"line":52,"column":45},"end":{"line":52,"column":56}},{"start":{"line":52,"column":59},"end":{"line":52,"column":73}}],"line":52},"1":{"loc":{"start":{"line":75,"column":6},"end":{"line":78,"column":7}},"type":"if","locations":[{"start":{"line":75,"column":6},"end":{"line":78,"column":7}},{"start":{},"end":{}}],"line":75}},"s":{"0":0,"1":0,"2":0,"3":0,"4":0,"5":0,"6":0,"7":0,"8":0,"9":0,"10":0,"11":0,"12":0,"13":0,"14":0,"15":0,"16":0,"17":0,"18":0,"19":0,"20":0,"21":0,"22":0,"23":0,"24":0,"25":0,"26":0,"27":0,"28":0,"29":0,"30":0,"31":0},"f":{"0":0,"1":0,"2":0,"3":0},"b":{"0":[0,0],"1":[0,0]}}
,"/home/khack/personal/ai-software-engineer/bankgo/src/stores/cardsStore.ts": {"path":"/home/khack/personal/ai-software-engineer/bankgo/src/stores/cardsStore.ts","statementMap":{"0":{"start":{"line":26,"column":29},"end":{"line":79,"column":3}},"1":{"start":{"line":26,"column":63},"end":{"line":79,"column":1}},"2":{"start":{"line":32,"column":4},"end":{"line":32,"column":42}},"3":{"start":{"line":33,"column":4},"end":{"line":42,"column":5}},"4":{"start":{"line":34,"column":20},"end":{"line":34,"column":57}},"5":{"start":{"line":35,"column":6},"end":{"line":35,"column":73}},"6":{"start":{"line":36,"column":6},"end":{"line":36,"column":39}},"7":{"start":{"line":39,"column":8},"end":{"line":39,"column":85}},"8":{"start":{"line":40,"column":6},"end":{"line":40,"column":58}},"9":{"start":{"line":41,"column":6},"end":{"line":41,"column":48}},"10":{"start":{"line":46,"column":22},"end":{"line":46,"column":27}},"11":{"start":{"line":47,"column":22},"end":{"line":47,"column":61}},"12":{"start":{"line":47,"column":45},"end":{"line":47,"column":60}},"13":{"start":{"line":48,"column":4},"end":{"line":51,"column":5}},"14":{"start":{"line":49,"column":6},"end":{"line":49,"column":79}},"15":{"start":{"line":50,"column":6},"end":{"line":50,"column":13}},"16":{"start":{"line":54,"column":25},"end":{"line":54,"column":41}},"17":{"start":{"line":55,"column":28},"end":{"line":57,"column":5}},"18":{"start":{"line":56,"column":6},"end":{"line":56,"column":55}},"19":{"start":{"line":58,"column":4},"end":{"line":58,"column":36}},"20":{"start":{"line":60,"column":4},"end":{"line":77,"column":5}},"21":{"start":{"line":61,"column":22},"end":{"line":61,"column":69}},"22":{"start":{"line":62,"column":6},"end":{"line":65,"column":9}},"23":{"start":{"line":68,"column":6},"end":{"line":70,"column":10}},"24":{"start":{"line":68,"column":22},"end":{"line":70,"column":7}},"25":{"start":{"line":69,"column":39},"end":{"line":69,"column":68}},"26":{"start":{"line":73,"column":6},"end":{"line":73,"column":75}},"27":{"start":{"line":74,"column":6},"end":{"line":76,"column":10}},"28":{"start":{"line":74,"column":22},"end":{"line":76,"column":7}},"29":{"start":{"line":75,"column":39},"end":{"line":75,"column":73}}},"fnMap":{"0":{"name":"(anonymous_0)","decl":{"start":{"line":26,"column":48},"end":{"line":26,"column":49}},"loc":{"start":{"line":26,"column":63},"end":{"line":79,"column":1}},"line":26},"1":{"name":"(anonymous_1)","decl":{"start":{"line":31,"column":2},"end":{"line":31,"column":3}},"loc":{"start":{"line":31,"column":36},"end":{"line":43,"column":3}},"line":31},"2":{"name":"(anonymous_2)","decl":{"start":{"line":45,"column":2},"end":{"line":45,"column":3}},"loc":{"start":{"line":45,"column":56},"end":{"line":78,"column":3}},"line":45},"3":{"name":"(anonymous_3)","decl":{"start":{"line":47,"column":38},"end":{"line":47,"column":39}},"loc":{"start":{"line":47,"column":45},"end":{"line":47,"column":60}},"line":47},"4":{"name":"(anonymous_4)","decl":{"start":{"line":55,"column":38},"end":{"line":55,"column":39}},"loc":{"start":{"line":56,"column":6},"end":{"line":56,"column":55}},"line":56},"5":{"name":"(anonymous_5)","decl":{"start":{"line":68,"column":10},"end":{"line":68,"column":11}},"loc":{"start":{"line":68,"column":22},"end":{"line":70,"column":7}},"line":68},"6":{"name":"(anonymous_6)","decl":{"start":{"line":69,"column":31},"end":{"line":69,"column":32}},"loc":{"start":{"line":69,"column":39},"end":{"line":69,"column":68}},"line":69},"7":{"name":"(anonymous_7)","decl":{"start":{"line":74,"column":10},"end":{"line":74,"column":11}},"loc":{"start":{"line":74,"column":22},"end":{"line":76,"column":7}},"line":74},"8":{"name":"(anonymous_8)","decl":{"start":{"line":75,"column":31},"end":{"line":75,"column":32}},"loc":{"start":{"line":75,"column":39},"end":{"line":75,"column":73}},"line":75}},"branchMap":{"0":{"loc":{"start":{"line":39,"column":8},"end":{"line":39,"column":85}},"type":"cond-expr","locations":[{"start":{"line":39,"column":41},"end":{"line":39,"column":52}},{"start":{"line":39,"column":55},"end":{"line":39,"column":85}}],"line":39},"1":{"loc":{"start":{"line":48,"column":4},"end":{"line":51,"column":5}},"type":"if","locations":[{"start":{"line":48,"column":4},"end":{"line":51,"column":5}},{"start":{},"end":{}}],"line":48},"2":{"loc":{"start":{"line":56,"column":6},"end":{"line":56,"column":55}},"type":"cond-expr","locations":[{"start":{"line":56,"column":24},"end":{"line":56,"column":51}},{"start":{"line":56,"column":54},"end":{"line":56,"column":55}}],"line":56},"3":{"loc":{"start":{"line":69,"column":39},"end":{"line":69,"column":68}},"type":"cond-expr","locations":[{"start":{"line":69,"column":57},"end":{"line":69,"column":64}},{"start":{"line":69,"column":67},"end":{"line":69,"column":68}}],"line":69},"4":{"loc":{"start":{"line":75,"column":39},"end":{"line":75,"column":73}},"type":"cond-expr","locations":[{"start":{"line":75,"column":57},"end":{"line":75,"column":69}},{"start":{"line":75,"column":72},"end":{"line":75,"column":73}}],"line":75}},"s":{"0":0,"1":0,"2":0,"3":0,"4":0,"5":0,"6":0,"7":0,"8":0,"9":0,"10":0,"11":0,"12":0,"13":0,"14":0,"15":0,"16":0,"17":0,"18":0,"19":0,"20":0,"21":0,"22":0,"23":0,"24":0,"25":0,"26":0,"27":0,"28":0,"29":0},"f":{"0":0,"1":0,"2":0,"3":0,"4":0,"5":0,"6":0,"7":0,"8":0},"b":{"0":[0,0],"1":[0,0],"2":[0,0],"3":[0,0],"4":[0,0]}}
,"/home/khack/personal/ai-software-engineer/bankgo/src/stores/transactionsStore.ts": {"path":"/home/khack/personal/ai-software-engineer/bankgo/src/stores/transactionsStore.ts","statementMap":{"0":{"start":{"line":30,"column":36},"end":{"line":111,"column":3}},"1":{"start":{"line":30,"column":77},"end":{"line":111,"column":1}},"2":{"start":{"line":37,"column":4},"end":{"line":40,"column":8}},"3":{"start":{"line":37,"column":20},"end":{"line":40,"column":5}},"4":{"start":{"line":42,"column":4},"end":{"line":89,"column":5}},"5":{"start":{"line":43,"column":23},"end":{"line":45,"column":7}},"6":{"start":{"line":48,"column":23},"end":{"line":48,"column":70}},"7":{"start":{"line":49,"column":6},"end":{"line":49,"column":80}},"8":{"start":{"line":51,"column":6},"end":{"line":60,"column":9}},"9":{"start":{"line":52,"column":25},"end":{"line":52,"column":69}},"10":{"start":{"line":53,"column":24},"end":{"line":53,"column":84}},"11":{"start":{"line":55,"column":8},"end":{"line":59,"column":10}},"12":{"start":{"line":62,"column":6},"end":{"line":62,"column":83}},"13":{"start":{"line":64,"column":23},"end":{"line":64,"column":70}},"14":{"start":{"line":65,"column":21},"end":{"line":65,"column":85}},"15":{"start":{"line":67,"column":6},"end":{"line":88,"column":7}},"16":{"start":{"line":68,"column":8},"end":{"line":80,"column":11}},"17":{"start":{"line":69,"column":27},"end":{"line":69,"column":71}},"18":{"start":{"line":70,"column":26},"end":{"line":70,"column":82}},"19":{"start":{"line":72,"column":10},"end":{"line":79,"column":12}},"20":{"start":{"line":83,"column":10},"end":{"line":83,"column":78}},"21":{"start":{"line":84,"column":8},"end":{"line":87,"column":12}},"22":{"start":{"line":84,"column":24},"end":{"line":87,"column":9}},"23":{"start":{"line":93,"column":23},"end":{"line":93,"column":59}},"24":{"start":{"line":94,"column":4},"end":{"line":94,"column":41}},"25":{"start":{"line":94,"column":34},"end":{"line":94,"column":41}},"26":{"start":{"line":95,"column":4},"end":{"line":95,"column":50}},"27":{"start":{"line":95,"column":43},"end":{"line":95,"column":50}},"28":{"start":{"line":97,"column":4},"end":{"line":97,"column":66}},"29":{"start":{"line":101,"column":4},"end":{"line":101,"column":56}},"30":{"start":{"line":105,"column":4},"end":{"line":105,"column":56}},"31":{"start":{"line":109,"column":4},"end":{"line":109,"column":54}}},"fnMap":{"0":{"name":"(anonymous_0)","decl":{"start":{"line":30,"column":62},"end":{"line":30,"column":63}},"loc":{"start":{"line":30,"column":77},"end":{"line":111,"column":1}},"line":30},"1":{"name":"(anonymous_1)","decl":{"start":{"line":36,"column":2},"end":{"line":36,"column":3}},"loc":{"start":{"line":36,"column":70},"end":{"line":90,"column":3}},"line":36},"2":{"name":"(anonymous_2)","decl":{"start":{"line":37,"column":8},"end":{"line":37,"column":9}},"loc":{"start":{"line":37,"column":20},"end":{"line":40,"column":5}},"line":37},"3":{"name":"(anonymous_3)","decl":{"start":{"line":51,"column":10},"end":{"line":51,"column":11}},"loc":{"start":{"line":51,"column":21},"end":{"line":60,"column":7}},"line":51},"4":{"name":"(anonymous_4)","decl":{"start":{"line":68,"column":12},"end":{"line":68,"column":13}},"loc":{"start":{"line":68,"column":23},"end":{"line":80,"column":9}},"line":68},"5":{"name":"(anonymous_5)","decl":{"start":{"line":84,"column":12},"end":{"line":84,"column":13}},"loc":{"start":{"line":84,"column":24},"end":{"line":87,"column":9}},"line":84},"6":{"name":"(anonymous_6)","decl":{"start":{"line":92,"column":2},"end":{"line":92,"column":3}},"loc":{"start":{"line":92,"column":63},"end":{"line":98,"column":3}},"line":92},"7":{"name":"(anonymous_7)","decl":{"start":{"line":100,"column":2},"end":{"line":100,"column":3}},"loc":{"start":{"line":100,"column":52},"end":{"line":102,"column":3}},"line":100},"8":{"name":"(anonymous_8)","decl":{"start":{"line":104,"column":2},"end":{"line":104,"column":3}},"loc":{"start":{"line":104,"column":58},"end":{"line":106,"column":3}},"line":104},"9":{"name":"(anonymous_9)","decl":{"start":{"line":108,"column":2},"end":{"line":108,"column":3}},"loc":{"start":{"line":108,"column":40},"end":{"line":110,"column":3}},"line":108}},"branchMap":{"0":{"loc":{"start":{"line":36,"column":45},"end":{"line":36,"column":53}},"type":"default-arg","locations":[{"start":{"line":36,"column":52},"end":{"line":36,"column":53}}],"line":36},"1":{"loc":{"start":{"line":52,"column":25},"end":{"line":52,"column":69}},"type":"binary-expr","locations":[{"start":{"line":52,"column":25},"end":{"line":52,"column":63}},{"start":{"line":52,"column":67},"end":{"line":52,"column":69}}],"line":52},"2":{"loc":{"start":{"line":53,"column":24},"end":{"line":53,"column":84}},"type":"cond-expr","locations":[{"start":{"line":53,"column":37},"end":{"line":53,"column":50}},{"start":{"line":53,"column":53},"end":{"line":53,"column":84}}],"line":53},"3":{"loc":{"start":{"line":67,"column":6},"end":{"line":88,"column":7}},"type":"if","locations":[{"start":{"line":67,"column":6},"end":{"line":88,"column":7}},{"start":{"line":81,"column":13},"end":{"line":88,"column":7}}],"line":67},"4":{"loc":{"start":{"line":69,"column":27},"end":{"line":69,"column":71}},"type":"binary-expr","locations":[{"start":{"line":69,"column":27},"end":{"line":69,"column":65}},{"start":{"line":69,"column":69},"end":{"line":69,"column":71}}],"line":69},"5":{"loc":{"start":{"line":70,"column":26},"end":{"line":70,"column":82}},"type":"cond-expr","locations":[{"start":{"line":70,"column":39},"end":{"line":70,"column":50}},{"start":{"line":70,"column":53},"end":{"line":70,"column":82}}],"line":70},"6":{"loc":{"start":{"line":83,"column":10},"end":{"line":83,"column":78}},"type":"cond-expr","locations":[{"start":{"line":83,"column":33},"end":{"line":83,"column":44}},{"start":{"line":83,"column":47},"end":{"line":83,"column":78}}],"line":83},"7":{"loc":{"start":{"line":94,"column":4},"end":{"line":94,"column":41}},"type":"if","locations":[{"start":{"line":94,"column":4},"end":{"line":94,"column":41}},{"start":{},"end":{}}],"line":94},"8":{"loc":{"start":{"line":95,"column":4},"end":{"line":95,"column":50}},"type":"if","locations":[{"start":{"line":95,"column":4},"end":{"line":95,"column":50}},{"start":{},"end":{}}],"line":95},"9":{"loc":{"start":{"line":101,"column":11},"end":{"line":101,"column":55}},"type":"binary-expr","locations":[{"start":{"line":101,"column":11},"end":{"line":101,"column":49}},{"start":{"line":101,"column":53},"end":{"line":101,"column":55}}],"line":101},"10":{"loc":{"start":{"line":105,"column":11},"end":{"line":105,"column":55}},"type":"binary-expr","locations":[{"start":{"line":105,"column":11},"end":{"line":105,"column":47}},{"start":{"line":105,"column":51},"end":{"line":105,"column":55}}],"line":105},"11":{"loc":{"start":{"line":109,"column":11},"end":{"line":109,"column":53}},"type":"binary-expr","locations":[{"start":{"line":109,"column":11},"end":{"line":109,"column":44}},{"start":{"line":109,"column":48},"end":{"line":109,"column":53}}],"line":109}},"s":{"0":0,"1":0,"2":0,"3":0,"4":0,"5":0,"6":0,"7":0,"8":0,"9":0,"10":0,"11":0,"12":0,"13":0,"14":0,"15":0,"16":0,"17":0,"18":0,"19":0,"20":0,"21":0,"22":0,"23":0,"24":0,"25":0,"26":0,"27":0,"28":0,"29":0,"30":0,"31":0},"f":{"0":0,"1":0,"2":0,"3":0,"4":0,"5":0,"6":0,"7":0,"8":0,"9":0},"b":{"0":[0],"1":[0,0],"2":[0,0],"3":[0,0],"4":[0,0],"5":[0,0],"6":[0,0],"7":[0,0],"8":[0,0],"9":[0,0],"10":[0,0],"11":[0,0]}}
,"/home/khack/personal/ai-software-engineer/bankgo/src/stores/transferStore.ts": {"path":"/home/khack/personal/ai-software-engineer/bankgo/src/stores/transferStore.ts","statementMap":{"0":{"start":{"line":65,"column":32},"end":{"line":190,"column":3}},"1":{"start":{"line":65,"column":69},"end":{"line":190,"column":1}},"2":{"start":{"line":78,"column":4},"end":{"line":78,"column":44}},"3":{"start":{"line":78,"column":20},"end":{"line":78,"column":41}},"4":{"start":{"line":82,"column":53},"end":{"line":82,"column":58}},"5":{"start":{"line":84,"column":4},"end":{"line":86,"column":5}},"6":{"start":{"line":85,"column":6},"end":{"line":85,"column":47}},"7":{"start":{"line":88,"column":4},"end":{"line":90,"column":5}},"8":{"start":{"line":89,"column":6},"end":{"line":89,"column":42}},"9":{"start":{"line":92,"column":19},"end":{"line":92,"column":37}},"10":{"start":{"line":93,"column":4},"end":{"line":95,"column":5}},"11":{"start":{"line":94,"column":6},"end":{"line":94,"column":43}},"12":{"start":{"line":98,"column":20},"end":{"line":98,"column":77}},"13":{"start":{"line":99,"column":4},"end":{"line":101,"column":5}},"14":{"start":{"line":100,"column":6},"end":{"line":100,"column":97}},"15":{"start":{"line":103,"column":4},"end":{"line":103,"column":16}},"16":{"start":{"line":107,"column":28},"end":{"line":107,"column":44}},"17":{"start":{"line":108,"column":4},"end":{"line":111,"column":5}},"18":{"start":{"line":109,"column":6},"end":{"line":109,"column":38}},"19":{"start":{"line":110,"column":6},"end":{"line":110,"column":13}},"20":{"start":{"line":113,"column":76},"end":{"line":113,"column":81}},"21":{"start":{"line":115,"column":4},"end":{"line":115,"column":45}},"22":{"start":{"line":117,"column":4},"end":{"line":135,"column":5}},"23":{"start":{"line":118,"column":23},"end":{"line":124,"column":8}},"24":{"start":{"line":126,"column":6},"end":{"line":126,"column":85}},"25":{"start":{"line":127,"column":6},"end":{"line":127,"column":78}},"26":{"start":{"line":130,"column":8},"end":{"line":132,"column":46}},"27":{"start":{"line":133,"column":6},"end":{"line":133,"column":65}},"28":{"start":{"line":134,"column":6},"end":{"line":134,"column":66}},"29":{"start":{"line":139,"column":32},"end":{"line":139,"column":37}},"30":{"start":{"line":140,"column":4},"end":{"line":143,"column":5}},"31":{"start":{"line":141,"column":6},"end":{"line":141,"column":83}},"32":{"start":{"line":142,"column":6},"end":{"line":142,"column":13}},"33":{"start":{"line":145,"column":4},"end":{"line":145,"column":45}},"34":{"start":{"line":147,"column":4},"end":{"line":169,"column":5}},"35":{"start":{"line":148,"column":24},"end":{"line":150,"column":7}},"36":{"start":{"line":152,"column":6},"end":{"line":152,"column":86}},"37":{"start":{"line":153,"column":6},"end":{"line":161,"column":9}},"38":{"start":{"line":164,"column":8},"end":{"line":166,"column":49}},"39":{"start":{"line":167,"column":6},"end":{"line":167,"column":66}},"40":{"start":{"line":168,"column":6},"end":{"line":168,"column":66}},"41":{"start":{"line":173,"column":4},"end":{"line":184,"column":7}},"42":{"start":{"line":188,"column":4},"end":{"line":188,"column":32}}},"fnMap":{"0":{"name":"(anonymous_0)","decl":{"start":{"line":65,"column":54},"end":{"line":65,"column":55}},"loc":{"start":{"line":65,"column":69},"end":{"line":190,"column":1}},"line":65},"1":{"name":"(anonymous_1)","decl":{"start":{"line":77,"column":2},"end":{"line":77,"column":3}},"loc":{"start":{"line":77,"column":20},"end":{"line":79,"column":3}},"line":77},"2":{"name":"(anonymous_2)","decl":{"start":{"line":78,"column":8},"end":{"line":78,"column":9}},"loc":{"start":{"line":78,"column":20},"end":{"line":78,"column":41}},"line":78},"3":{"name":"(anonymous_3)","decl":{"start":{"line":81,"column":2},"end":{"line":81,"column":3}},"loc":{"start":{"line":81,"column":28},"end":{"line":104,"column":3}},"line":81},"4":{"name":"(anonymous_4)","decl":{"start":{"line":106,"column":2},"end":{"line":106,"column":3}},"loc":{"start":{"line":106,"column":40},"end":{"line":136,"column":3}},"line":106},"5":{"name":"(anonymous_5)","decl":{"start":{"line":138,"column":2},"end":{"line":138,"column":3}},"loc":{"start":{"line":138,"column":41},"end":{"line":170,"column":3}},"line":138},"6":{"name":"(anonymous_6)","decl":{"start":{"line":172,"column":2},"end":{"line":172,"column":3}},"loc":{"start":{"line":172,"column":24},"end":{"line":185,"column":3}},"line":172},"7":{"name":"(anonymous_7)","decl":{"start":{"line":187,"column":2},"end":{"line":187,"column":3}},"loc":{"start":{"line":187,"column":28},"end":{"line":189,"column":3}},"line":187}},"branchMap":{"0":{"loc":{"start":{"line":84,"column":4},"end":{"line":86,"column":5}},"type":"if","locations":[{"start":{"line":84,"column":4},"end":{"line":86,"column":5}},{"start":{},"end":{}}],"line":84},"1":{"loc":{"start":{"line":88,"column":4},"end":{"line":90,"column":5}},"type":"if","locations":[{"start":{"line":88,"column":4},"end":{"line":90,"column":5}},{"start":{},"end":{}}],"line":88},"2":{"loc":{"start":{"line":93,"column":4},"end":{"line":95,"column":5}},"type":"if","locations":[{"start":{"line":93,"column":4},"end":{"line":95,"column":5}},{"start":{},"end":{}}],"line":93},"3":{"loc":{"start":{"line":93,"column":8},"end":{"line":93,"column":36}},"type":"binary-expr","locations":[{"start":{"line":93,"column":8},"end":{"line":93,"column":21}},{"start":{"line":93,"column":25},"end":{"line":93,"column":36}}],"line":93},"4":{"loc":{"start":{"line":99,"column":4},"end":{"line":101,"column":5}},"type":"if","locations":[{"start":{"line":99,"column":4},"end":{"line":101,"column":5}},{"start":{},"end":{}}],"line":99},"5":{"loc":{"start":{"line":99,"column":8},"end":{"line":99,"column":57}},"type":"binary-expr","locations":[{"start":{"line":99,"column":8},"end":{"line":99,"column":29}},{"start":{"line":99,"column":33},"end":{"line":99,"column":57}}],"line":99},"6":{"loc":{"start":{"line":108,"column":4},"end":{"line":111,"column":5}},"type":"if","locations":[{"start":{"line":108,"column":4},"end":{"line":111,"column":5}},{"start":{},"end":{}}],"line":108},"7":{"loc":{"start":{"line":130,"column":8},"end":{"line":132,"column":46}},"type":"cond-expr","locations":[{"start":{"line":131,"column":12},"end":{"line":131,"column":23}},{"start":{"line":132,"column":12},"end":{"line":132,"column":46}}],"line":130},"8":{"loc":{"start":{"line":140,"column":4},"end":{"line":143,"column":5}},"type":"if","locations":[{"start":{"line":140,"column":4},"end":{"line":143,"column":5}},{"start":{},"end":{}}],"line":140},"9":{"loc":{"start":{"line":164,"column":8},"end":{"line":166,"column":49}},"type":"cond-expr","locations":[{"start":{"line":165,"column":12},"end":{"line":165,"column":23}},{"start":{"line":166,"column":12},"end":{"line":166,"column":49}}],"line":164}},"s":{"0":1,"1":1,"2":5,"3":5,"4":6,"5":6,"6":1,"7":5,"8":1,"9":4,"10":4,"11":3,"12":1,"13":1,"14":0,"15":1,"16":0,"17":0,"18":0,"19":0,"20":0,"21":0,"22":0,"23":0,"24":0,"25":0,"26":0,"27":0,"28":0,"29":0,"30":0,"31":0,"32":0,"33":0,"34":0,"35":0,"36":0,"37":0,"38":0,"39":0,"40":0,"41":6,"42":0},"f":{"0":1,"1":5,"2":5,"3":6,"4":0,"5":0,"6":6,"7":0},"b":{"0":[1,5],"1":[1,4],"2":[3,1],"3":[4,3],"4":[0,1],"5":[1,1],"6":[0,0],"7":[0,0],"8":[0,0],"9":[0,0]},"_coverageSchema":"1a1c01bbd47fc00a2c39e90264f33305004495a9","hash":"881ec78b3e89c02fd4f450d95752d9ad9ce11457"}
,"/home/khack/personal/ai-software-engineer/bankgo/src/types/index.ts": {"path":"/home/khack/personal/ai-software-engineer/bankgo/src/types/index.ts","statementMap":{},"fnMap":{},"branchMap":{},"s":{},"f":{},"b":{}}
,"/home/khack/personal/ai-software-engineer/bankgo/src/utils/logger.ts": {"path":"/home/khack/personal/ai-software-engineer/bankgo/src/utils/logger.ts","statementMap":{"0":{"start":{"line":7,"column":37},"end":{"line":12,"column":1}},"1":{"start":{"line":15,"column":15},"end":{"line":15,"column":20}},"2":{"start":{"line":16,"column":2},"end":{"line":18,"column":3}},"3":{"start":{"line":17,"column":4},"end":{"line":17,"column":51}},"4":{"start":{"line":19,"column":2},"end":{"line":19,"column":16}},"5":{"start":{"line":23,"column":2},"end":{"line":23,"column":55}},"6":{"start":{"line":23,"column":43},"end":{"line":23,"column":55}},"7":{"start":{"line":24,"column":2},"end":{"line":24,"column":54}},"8":{"start":{"line":24,"column":32},"end":{"line":24,"column":54}},"9":{"start":{"line":25,"column":2},"end":{"line":29,"column":3}},"10":{"start":{"line":26,"column":4},"end":{"line":26,"column":54}},"11":{"start":{"line":28,"column":4},"end":{"line":28,"column":30}},"12":{"start":{"line":36,"column":22},"end":{"line":66,"column":1}},"13":{"start":{"line":38,"column":4},"end":{"line":38,"column":25}},"14":{"start":{"line":38,"column":18},"end":{"line":38,"column":25}},"15":{"start":{"line":39,"column":18},"end":{"line":39,"column":35}},"16":{"start":{"line":40,"column":4},"end":{"line":44,"column":5}},"17":{"start":{"line":41,"column":6},"end":{"line":41,"column":57}},"18":{"start":{"line":43,"column":6},"end":{"line":43,"column":37}},"19":{"start":{"line":48,"column":4},"end":{"line":48,"column":25}},"20":{"start":{"line":48,"column":18},"end":{"line":48,"column":25}},"21":{"start":{"line":49,"column":18},"end":{"line":49,"column":35}},"22":{"start":{"line":50,"column":4},"end":{"line":54,"column":5}},"23":{"start":{"line":51,"column":6},"end":{"line":51,"column":58}},"24":{"start":{"line":53,"column":6},"end":{"line":53,"column":38}},"25":{"start":{"line":59,"column":18},"end":{"line":59,"column":35}},"26":{"start":{"line":60,"column":4},"end":{"line":64,"column":5}},"27":{"start":{"line":61,"column":6},"end":{"line":61,"column":61}},"28":{"start":{"line":63,"column":6},"end":{"line":63,"column":40}}},"fnMap":{"0":{"name":"sanitize","decl":{"start":{"line":14,"column":9},"end":{"line":14,"column":17}},"loc":{"start":{"line":14,"column":41},"end":{"line":20,"column":1}},"line":14},"1":{"name":"sanitizeData","decl":{"start":{"line":22,"column":9},"end":{"line":22,"column":21}},"loc":{"start":{"line":22,"column":46},"end":{"line":30,"column":1}},"line":22},"2":{"name":"(anonymous_2)","decl":{"start":{"line":37,"column":2},"end":{"line":37,"column":3}},"loc":{"start":{"line":37,"column":46},"end":{"line":45,"column":3}},"line":37},"3":{"name":"(anonymous_3)","decl":{"start":{"line":47,"column":2},"end":{"line":47,"column":3}},"loc":{"start":{"line":47,"column":46},"end":{"line":55,"column":3}},"line":47},"4":{"name":"(anonymous_4)","decl":{"start":{"line":57,"column":2},"end":{"line":57,"column":3}},"loc":{"start":{"line":57,"column":48},"end":{"line":65,"column":3}},"line":57}},"branchMap":{"0":{"loc":{"start":{"line":23,"column":2},"end":{"line":23,"column":55}},"type":"if","locations":[{"start":{"line":23,"column":2},"end":{"line":23,"column":55}},{"start":{},"end":{}}],"line":23},"1":{"loc":{"start":{"line":23,"column":6},"end":{"line":23,"column":41}},"type":"binary-expr","locations":[{"start":{"line":23,"column":6},"end":{"line":23,"column":24}},{"start":{"line":23,"column":28},"end":{"line":23,"column":41}}],"line":23},"2":{"loc":{"start":{"line":24,"column":2},"end":{"line":24,"column":54}},"type":"if","locations":[{"start":{"line":24,"column":2},"end":{"line":24,"column":54}},{"start":{},"end":{}}],"line":24},"3":{"loc":{"start":{"line":38,"column":4},"end":{"line":38,"column":25}},"type":"if","locations":[{"start":{"line":38,"column":4},"end":{"line":38,"column":25}},{"start":{},"end":{}}],"line":38},"4":{"loc":{"start":{"line":40,"column":4},"end":{"line":44,"column":5}},"type":"if","locations":[{"start":{"line":40,"column":4},"end":{"line":44,"column":5}},{"start":{"line":42,"column":11},"end":{"line":44,"column":5}}],"line":40},"5":{"loc":{"start":{"line":48,"column":4},"end":{"line":48,"column":25}},"type":"if","locations":[{"start":{"line":48,"column":4},"end":{"line":48,"column":25}},{"start":{},"end":{}}],"line":48},"6":{"loc":{"start":{"line":50,"column":4},"end":{"line":54,"column":5}},"type":"if","locations":[{"start":{"line":50,"column":4},"end":{"line":54,"column":5}},{"start":{"line":52,"column":11},"end":{"line":54,"column":5}}],"line":50},"7":{"loc":{"start":{"line":60,"column":4},"end":{"line":64,"column":5}},"type":"if","locations":[{"start":{"line":60,"column":4},"end":{"line":64,"column":5}},{"start":{"line":62,"column":11},"end":{"line":64,"column":5}}],"line":60}},"s":{"0":3,"1":10,"2":10,"3":40,"4":10,"5":3,"6":0,"7":3,"8":0,"9":3,"10":3,"11":0,"12":3,"13":0,"14":0,"15":0,"16":0,"17":0,"18":0,"19":5,"20":0,"21":5,"22":5,"23":2,"24":3,"25":2,"26":2,"27":1,"28":1},"f":{"0":10,"1":3,"2":0,"3":5,"4":2},"b":{"0":[0,3],"1":[3,3],"2":[0,3],"3":[0,0],"4":[0,0],"5":[0,5],"6":[2,3],"7":[1,1]},"_coverageSchema":"1a1c01bbd47fc00a2c39e90264f33305004495a9","hash":"66f0e796396d643f12616bdd826b87b0ba0d5e56"}
}
