TN:
SF:src/components/ui/AccountCard.tsx
FN:19,formatBalance
FN:39,AccountCard
FNF:2
FNH:0
FNDA:0,formatBalance
FNDA:0,AccountCard
DA:20,0
DA:23,0
DA:29,0
DA:40,0
DA:42,0
DA:72,0
LF:6
LH:0
BRF:0
BRH:0
end_of_record
TN:
SF:src/components/ui/ConfirmationDialog.tsx
FN:29,ConfirmationDialog
FNF:1
FNH:0
FNDA:0,ConfirmationDialog
DA:37,0
DA:88,0
LF:2
LH:0
BRDA:35,0,0,0
BRDA:50,1,0,0
BRDA:50,1,1,0
BRF:3
BRH:0
end_of_record
TN:
SF:src/components/ui/EmptyState.tsx
FN:18,EmptyState
FNF:1
FNH:0
FNDA:0,EmptyState
DA:19,0
DA:32,0
LF:2
LH:0
BRDA:23,0,0,0
BRDA:23,0,1,0
BRF:2
BRH:0
end_of_record
TN:
SF:src/components/ui/ErrorState.tsx
FN:18,ErrorState
FNF:1
FNH:0
FNDA:0,ErrorState
DA:19,0
DA:34,0
LF:2
LH:0
BRF:0
BRH:0
end_of_record
TN:
SF:src/components/ui/InAppNotification.tsx
FN:21,InAppNotification
FN:29,(anonymous_1)
FN:40,(anonymous_2)
FN:44,(anonymous_3)
FNF:4
FNH:0
FNDA:0,InAppNotification
FNDA:0,(anonymous_1)
FNDA:0,(anonymous_2)
FNDA:0,(anonymous_3)
DA:27,0
DA:29,0
DA:30,0
DA:32,0
DA:40,0
DA:41,0
DA:44,0
DA:45,0
DA:49,0
DA:56,0
DA:60,0
DA:62,0
DA:64,0
DA:92,0
LF:14
LH:0
BRDA:30,0,0,0
BRDA:30,0,1,0
BRDA:60,1,0,0
BRDA:60,1,1,0
BRDA:62,2,0,0
BRDA:62,2,1,0
BRDA:79,3,0,0
BRDA:79,3,1,0
BRF:8
BRH:0
end_of_record
TN:
SF:src/components/ui/LoadingState.tsx
FN:17,LoadingState
FNF:1
FNH:0
FNDA:0,LoadingState
DA:18,0
DA:30,0
LF:2
LH:0
BRDA:21,0,0,0
BRDA:21,0,1,0
BRF:2
BRH:0
end_of_record
TN:
SF:src/components/ui/OfflineBanner.tsx
FN:17,OfflineBanner
FNF:1
FNH:0
FNDA:0,OfflineBanner
DA:18,0
DA:20,0
DA:31,0
LF:3
LH:0
BRDA:18,0,0,0
BRDA:18,0,1,0
BRF:2
BRH:0
end_of_record
TN:
SF:src/components/ui/TransactionItem.tsx
FN:18,formatAmount
FN:23,formatDate
FN:36,TransactionItem
FNF:3
FNH:0
FNDA:0,formatAmount
FNDA:0,formatDate
FNDA:0,TransactionItem
DA:19,0
DA:20,0
DA:24,0
DA:25,0
DA:37,0
DA:39,0
DA:60,0
LF:7
LH:0
BRDA:19,0,0,0
BRDA:19,0,1,0
BRDA:37,1,0,0
BRDA:37,1,1,0
BRF:4
BRH:0
end_of_record
TN:
SF:src/hooks/useNetworkStatus.ts
FN:17,checkConnectivity
FN:29,useNetworkStatus
FN:32,(anonymous_2)
FN:35,update
FN:42,(anonymous_4)
FN:46,(anonymous_5)
FNF:6
FNH:0
FNDA:0,checkConnectivity
FNDA:0,useNetworkStatus
FNDA:0,(anonymous_2)
FNDA:0,update
FNDA:0,(anonymous_4)
FNDA:0,(anonymous_5)
DA:14,0
DA:15,0
DA:18,0
DA:19,0
DA:23,0
DA:25,0
DA:30,0
DA:32,0
DA:33,0
DA:36,0
DA:37,0
DA:40,0
DA:42,0
DA:43,0
DA:46,0
DA:47,0
DA:48,0
DA:52,0
LF:18
LH:0
BRDA:23,0,0,0
BRDA:23,0,1,0
BRDA:37,1,0,0
BRDA:37,1,1,0
BRF:4
BRH:0
end_of_record
TN:
SF:src/services/api/client.ts
FN:15,(anonymous_0)
FN:37,request
FN:89,(anonymous_2)
FN:93,(anonymous_3)
FN:97,(anonymous_4)
FN:101,(anonymous_5)
FN:105,(anonymous_6)
FNF:7
FNH:0
FNDA:0,(anonymous_0)
FNDA:0,request
FNDA:0,(anonymous_2)
FNDA:0,(anonymous_3)
FNDA:0,(anonymous_4)
FNDA:0,(anonymous_5)
FNDA:0,(anonymous_6)
DA:16,0
DA:17,0
DA:18,0
DA:19,0
DA:20,0
DA:29,1
DA:42,0
DA:47,0
DA:48,0
DA:49,0
DA:52,0
DA:57,0
DA:58,0
DA:61,0
DA:63,0
DA:65,0
DA:66,0
DA:68,0
DA:73,0
DA:77,0
DA:78,0
DA:81,0
DA:88,1
DA:90,0
DA:94,0
DA:98,0
DA:102,0
DA:106,0
LF:28
LH:2
BRDA:29,0,0,1
BRDA:29,0,1,1
BRDA:29,0,2,1
BRDA:48,1,0,0
BRDA:48,1,1,0
BRDA:57,2,0,0
BRDA:57,2,1,0
BRDA:63,3,0,0
BRDA:63,3,1,0
BRDA:77,4,0,0
BRDA:77,4,1,0
BRF:11
BRH:3
end_of_record
TN:
SF:src/services/api/handlers.ts
FN:22,(anonymous_0)
FN:32,requireAuth
FN:37,unauthorized
FN:48,(anonymous_3)
FN:49,(anonymous_4)
FN:50,(anonymous_5)
FN:58,(anonymous_6)
FN:72,(anonymous_7)
FN:79,(anonymous_8)
FN:86,(anonymous_9)
FN:90,(anonymous_10)
FN:101,(anonymous_11)
FN:113,(anonymous_12)
FN:115,(anonymous_13)
FN:138,(anonymous_14)
FN:152,(anonymous_15)
FN:160,(anonymous_16)
FN:184,(anonymous_17)
FN:212,(anonymous_18)
FN:219,(anonymous_19)
FN:223,(anonymous_20)
FN:232,(anonymous_21)
FNF:22
FNH:0
FNDA:0,(anonymous_0)
FNDA:0,requireAuth
FNDA:0,unauthorized
FNDA:0,(anonymous_3)
FNDA:0,(anonymous_4)
FNDA:0,(anonymous_5)
FNDA:0,(anonymous_6)
FNDA:0,(anonymous_7)
FNDA:0,(anonymous_8)
FNDA:0,(anonymous_9)
FNDA:0,(anonymous_10)
FNDA:0,(anonymous_11)
FNDA:0,(anonymous_12)
FNDA:0,(anonymous_13)
FNDA:0,(anonymous_14)
FNDA:0,(anonymous_15)
FNDA:0,(anonymous_16)
FNDA:0,(anonymous_17)
FNDA:0,(anonymous_18)
FNDA:0,(anonymous_19)
FNDA:0,(anonymous_20)
FNDA:0,(anonymous_21)
DA:21,0
DA:22,0
DA:23,0
DA:29,0
DA:30,0
DA:33,0
DA:34,0
DA:38,0
DA:48,0
DA:49,0
DA:50,0
DA:56,0
DA:59,0
DA:60,0
DA:67,0
DA:68,0
DA:73,0
DA:74,0
DA:75,0
DA:80,0
DA:81,0
DA:82,0
DA:87,0
DA:88,0
DA:90,0
DA:91,0
DA:92,0
DA:97,0
DA:102,0
DA:103,0
DA:105,0
DA:106,0
DA:107,0
DA:112,0
DA:113,0
DA:115,0
DA:117,0
DA:118,0
DA:119,0
DA:120,0
DA:122,0
DA:139,0
DA:140,0
DA:142,0
DA:145,0
DA:146,0
DA:152,0
DA:153,0
DA:154,0
DA:160,0
DA:161,0
DA:162,0
DA:168,0
DA:179,0
DA:180,0
DA:185,0
DA:186,0
DA:188,0
DA:189,0
DA:190,0
DA:196,0
DA:197,0
DA:206,0
DA:207,0
DA:208,0
DA:213,0
DA:214,0
DA:215,0
DA:220,0
DA:221,0
DA:223,0
DA:224,0
DA:225,0
DA:232,0
DA:233,0
DA:236,0
LF:76
LH:0
BRDA:74,0,0,0
BRDA:74,0,1,0
BRDA:81,1,0,0
BRDA:81,1,1,0
BRDA:88,2,0,0
BRDA:88,2,1,0
BRDA:91,3,0,0
BRDA:91,3,1,0
BRDA:103,4,0,0
BRDA:103,4,1,0
BRDA:106,5,0,0
BRDA:106,5,1,0
BRDA:109,6,0,0
BRDA:109,6,1,0
BRDA:140,7,0,0
BRDA:140,7,1,0
BRDA:145,8,0,0
BRDA:145,8,1,0
BRDA:145,9,0,0
BRDA:145,9,1,0
BRDA:145,9,2,0
BRDA:145,9,3,0
BRDA:153,10,0,0
BRDA:153,10,1,0
BRDA:161,11,0,0
BRDA:161,11,1,0
BRDA:173,12,0,0
BRDA:173,12,1,0
BRDA:174,13,0,0
BRDA:174,13,1,0
BRDA:186,14,0,0
BRDA:186,14,1,0
BRDA:189,15,0,0
BRDA:189,15,1,0
BRDA:196,16,0,0
BRDA:196,16,1,0
BRDA:214,17,0,0
BRDA:214,17,1,0
BRDA:221,18,0,0
BRDA:221,18,1,0
BRDA:224,19,0,0
BRDA:224,19,1,0
BRDA:233,20,0,0
BRDA:233,20,1,0
BRF:44
BRH:0
end_of_record
TN:
SF:src/services/api/seed.ts
FN:56,iso
FN:60,daysAgo
FN:154,buildTransactions
FN:158,(anonymous_3)
FNF:4
FNH:0
FNDA:0,iso
FNDA:0,daysAgo
FNDA:0,buildTransactions
FNDA:0,(anonymous_3)
DA:15,0
DA:25,0
DA:57,0
DA:61,0
DA:62,0
DA:63,0
DA:70,0
DA:98,0
DA:126,0
DA:158,0
DA:165,0
DA:175,0
DA:198,0
LF:13
LH:0
BRF:0
BRH:0
end_of_record
TN:
SF:src/services/api/setup.ts
FN:25,setupMockServer
FN:56,teardownMockServer
FN:68,resetMockHandlers
FN:80,getMockServer
FNF:4
FNH:0
FNDA:0,setupMockServer
FNDA:0,teardownMockServer
FNDA:0,resetMockHandlers
FNDA:0,getMockServer
DA:23,0
DA:26,0
DA:28,0
DA:29,0
DA:30,0
DA:31,0
DA:32,0
DA:42,0
DA:43,0
DA:49,0
DA:57,0
DA:58,0
DA:59,0
DA:60,0
DA:69,0
DA:70,0
DA:81,0
LF:17
LH:0
BRDA:26,0,0,0
BRDA:26,0,1,0
BRDA:26,1,0,0
BRDA:26,1,1,0
BRDA:42,2,0,0
BRDA:42,2,1,0
BRDA:57,3,0,0
BRDA:57,3,1,0
BRDA:69,4,0,0
BRDA:69,4,1,0
BRF:10
BRH:0
end_of_record
TN:
SF:src/services/auth/authService.ts
FN:28,(anonymous_0)
FN:58,(anonymous_1)
FN:71,(anonymous_2)
FN:79,(anonymous_3)
FN:87,(anonymous_4)
FNF:5
FNH:0
FNDA:0,(anonymous_0)
FNDA:0,(anonymous_1)
FNDA:0,(anonymous_2)
FNDA:0,(anonymous_3)
FNDA:0,(anonymous_4)
DA:13,0
DA:23,0
DA:29,0
DA:30,0
DA:31,0
DA:33,0
DA:41,0
DA:44,0
DA:45,0
DA:46,0
DA:49,0
DA:52,0
DA:59,0
DA:60,0
DA:61,0
DA:63,0
DA:65,0
DA:72,0
DA:80,0
DA:88,0
DA:94,0
DA:95,0
DA:98,0
DA:99,0
DA:101,0
DA:102,0
DA:105,0
DA:106,0
LF:28
LH:0
BRDA:94,0,0,0
BRDA:94,0,1,0
BRDA:94,1,0,0
BRDA:94,1,1,0
BRDA:94,1,2,0
BRDA:99,2,0,0
BRDA:99,2,1,0
BRDA:99,3,0,0
BRDA:99,3,1,0
BRF:9
BRH:0
end_of_record
TN:
SF:src/services/auth/pkce.ts
FN:9,toBase64Url
FN:26,generateCodeVerifier
FN:37,generateCodeChallenge
FN:50,generateState
FN:53,(anonymous_4)
FNF:5
FNH:5
FNDA:7,toBase64Url
FNDA:5,generateCodeVerifier
FNDA:2,generateCodeChallenge
FNDA:1,generateState
FNDA:16,(anonymous_4)
DA:11,7
DA:12,7
DA:13,224
DA:15,7
DA:28,5
DA:29,5
DA:38,2
DA:43,2
DA:51,1
DA:52,1
DA:53,16
LF:11
LH:11
BRF:0
BRH:0
end_of_record
TN:
SF:src/services/auth/tokenStore.ts
FN:13,(anonymous_0)
FN:17,(anonymous_1)
FN:21,(anonymous_2)
FN:28,(anonymous_3)
FN:34,(anonymous_4)
FNF:5
FNH:0
FNDA:0,(anonymous_0)
FNDA:0,(anonymous_1)
FNDA:0,(anonymous_2)
FNDA:0,(anonymous_3)
FNDA:0,(anonymous_4)
DA:9,1
DA:10,1
DA:12,1
DA:14,0
DA:18,0
DA:22,0
DA:23,0
DA:25,0
DA:29,0
DA:30,0
DA:31,0
DA:35,0
LF:12
LH:3
BRF:0
BRH:0
end_of_record
TN:
SF:src/services/cache/cacheService.ts
FN:27,(anonymous_0)
FN:37,(anonymous_1)
FN:56,(anonymous_2)
FN:61,(anonymous_3)
FN:62,(anonymous_4)
FNF:5
FNH:4
FNDA:7,(anonymous_0)
FNDA:8,(anonymous_1)
FNDA:1,(anonymous_2)
FNDA:8,(anonymous_3)
FNDA:0,(anonymous_4)
DA:9,2
DA:10,2
DA:26,2
DA:28,7
DA:29,7
DA:34,7
DA:38,8
DA:39,8
DA:42,5
DA:43,5
DA:45,0
DA:48,5
DA:49,1
DA:50,1
DA:53,4
DA:57,1
DA:61,8
DA:63,0
LF:18
LH:16
BRDA:32,0,0,7
BRDA:32,0,1,0
BRDA:39,1,0,3
BRDA:39,1,1,5
BRDA:48,2,0,1
BRDA:48,2,1,4
BRF:6
BRH:5
end_of_record
TN:
SF:src/stores/accountsStore.ts
FN:28,(anonymous_0)
FN:35,(anonymous_1)
FN:72,(anonymous_2)
FN:73,(anonymous_3)
FNF:4
FNH:2
FNDA:1,(anonymous_0)
FNDA:4,(anonymous_1)
FNDA:0,(anonymous_2)
FNDA:0,(anonymous_3)
DA:28,1
DA:36,4
DA:38,4
DA:39,4
DA:40,2
DA:41,2
DA:43,2
DA:50,2
DA:52,2
DA:53,2
DA:55,2
DA:56,1
DA:63,1
DA:73,0
LF:14
LH:13
BRDA:55,0,0,1
BRDA:55,0,1,1
BRF:2
BRH:2
end_of_record
TN:
SF:src/stores/authStore.ts
FN:31,(anonymous_0)
FN:37,(anonymous_1)
FN:59,(anonymous_2)
FN:70,(anonymous_3)
FNF:4
FNH:0
FNDA:0,(anonymous_0)
FNDA:0,(anonymous_1)
FNDA:0,(anonymous_2)
FNDA:0,(anonymous_3)
DA:31,0
DA:38,0
DA:39,0
DA:40,0
DA:43,0
DA:44,0
DA:45,0
DA:47,0
DA:50,0
DA:52,0
DA:53,0
DA:54,0
DA:55,0
DA:60,0
DA:61,0
DA:62,0
DA:64,0
DA:66,0
DA:71,0
DA:72,0
DA:73,0
DA:75,0
DA:76,0
DA:77,0
DA:81,0
DA:82,0
DA:83,0
DA:85,0
DA:88,0
DA:90,0
DA:91,0
LF:31
LH:0
BRDA:52,0,0,0
BRDA:52,0,1,0
BRDA:75,1,0,0
BRDA:75,1,1,0
BRF:4
BRH:0
end_of_record
TN:
SF:src/stores/cardsStore.ts
FN:26,(anonymous_0)
FN:31,(anonymous_1)
FN:45,(anonymous_2)
FN:47,(anonymous_3)
FN:55,(anonymous_4)
FN:68,(anonymous_5)
FN:69,(anonymous_6)
FN:74,(anonymous_7)
FN:75,(anonymous_8)
FNF:9
FNH:0
FNDA:0,(anonymous_0)
FNDA:0,(anonymous_1)
FNDA:0,(anonymous_2)
FNDA:0,(anonymous_3)
FNDA:0,(anonymous_4)
FNDA:0,(anonymous_5)
FNDA:0,(anonymous_6)
FNDA:0,(anonymous_7)
FNDA:0,(anonymous_8)
DA:26,0
DA:32,0
DA:33,0
DA:34,0
DA:35,0
DA:36,0
DA:39,0
DA:40,0
DA:41,0
DA:46,0
DA:47,0
DA:48,0
DA:49,0
DA:50,0
DA:54,0
DA:55,0
DA:56,0
DA:58,0
DA:60,0
DA:61,0
DA:62,0
DA:68,0
DA:69,0
DA:73,0
DA:74,0
DA:75,0
LF:26
LH:0
BRDA:39,0,0,0
BRDA:39,0,1,0
BRDA:48,1,0,0
BRDA:48,1,1,0
BRDA:56,2,0,0
BRDA:56,2,1,0
BRDA:69,3,0,0
BRDA:69,3,1,0
BRDA:75,4,0,0
BRDA:75,4,1,0
BRF:10
BRH:0
end_of_record
TN:
SF:src/stores/transactionsStore.ts
FN:30,(anonymous_0)
FN:36,(anonymous_1)
FN:37,(anonymous_2)
FN:51,(anonymous_3)
FN:68,(anonymous_4)
FN:84,(anonymous_5)
FN:92,(anonymous_6)
FN:100,(anonymous_7)
FN:104,(anonymous_8)
FN:108,(anonymous_9)
FNF:10
FNH:0
FNDA:0,(anonymous_0)
FNDA:0,(anonymous_1)
FNDA:0,(anonymous_2)
FNDA:0,(anonymous_3)
FNDA:0,(anonymous_4)
FNDA:0,(anonymous_5)
FNDA:0,(anonymous_6)
FNDA:0,(anonymous_7)
FNDA:0,(anonymous_8)
FNDA:0,(anonymous_9)
DA:30,0
DA:37,0
DA:42,0
DA:43,0
DA:48,0
DA:49,0
DA:51,0
DA:52,0
DA:53,0
DA:55,0
DA:62,0
DA:64,0
DA:65,0
DA:67,0
DA:68,0
DA:69,0
DA:70,0
DA:72,0
DA:83,0
DA:84,0
DA:93,0
DA:94,0
DA:95,0
DA:97,0
DA:101,0
DA:105,0
DA:109,0
LF:27
LH:0
BRDA:36,0,0,0
BRDA:52,1,0,0
BRDA:52,1,1,0
BRDA:53,2,0,0
BRDA:53,2,1,0
BRDA:67,3,0,0
BRDA:67,3,1,0
BRDA:69,4,0,0
BRDA:69,4,1,0
BRDA:70,5,0,0
BRDA:70,5,1,0
BRDA:83,6,0,0
BRDA:83,6,1,0
BRDA:94,7,0,0
BRDA:94,7,1,0
BRDA:95,8,0,0
BRDA:95,8,1,0
BRDA:101,9,0,0
BRDA:101,9,1,0
BRDA:105,10,0,0
BRDA:105,10,1,0
BRDA:109,11,0,0
BRDA:109,11,1,0
BRF:23
BRH:0
end_of_record
TN:
SF:src/stores/transferStore.ts
FN:65,(anonymous_0)
FN:77,(anonymous_1)
FN:78,(anonymous_2)
FN:81,(anonymous_3)
FN:106,(anonymous_4)
FN:138,(anonymous_5)
FN:172,(anonymous_6)
FN:187,(anonymous_7)
FNF:8
FNH:5
FNDA:1,(anonymous_0)
FNDA:5,(anonymous_1)
FNDA:5,(anonymous_2)
FNDA:6,(anonymous_3)
FNDA:0,(anonymous_4)
FNDA:0,(anonymous_5)
FNDA:6,(anonymous_6)
FNDA:0,(anonymous_7)
DA:65,1
DA:78,5
DA:82,6
DA:84,6
DA:85,1
DA:88,5
DA:89,1
DA:92,4
DA:93,4
DA:94,3
DA:98,1
DA:99,1
DA:100,0
DA:103,1
DA:107,0
DA:108,0
DA:109,0
DA:110,0
DA:113,0
DA:115,0
DA:117,0
DA:118,0
DA:126,0
DA:127,0
DA:130,0
DA:133,0
DA:134,0
DA:139,0
DA:140,0
DA:141,0
DA:142,0
DA:145,0
DA:147,0
DA:148,0
DA:152,0
DA:153,0
DA:164,0
DA:167,0
DA:168,0
DA:173,6
DA:188,0
LF:41
LH:14
BRDA:84,0,0,1
BRDA:84,0,1,5
BRDA:88,1,0,1
BRDA:88,1,1,4
BRDA:93,2,0,3
BRDA:93,2,1,1
BRDA:93,3,0,4
BRDA:93,3,1,3
BRDA:99,4,0,0
BRDA:99,4,1,1
BRDA:99,5,0,1
BRDA:99,5,1,1
BRDA:108,6,0,0
BRDA:108,6,1,0
BRDA:130,7,0,0
BRDA:130,7,1,0
BRDA:140,8,0,0
BRDA:140,8,1,0
BRDA:164,9,0,0
BRDA:164,9,1,0
BRF:20
BRH:11
end_of_record
TN:
SF:src/types/index.ts
FNF:0
FNH:0
LF:0
LH:0
BRF:0
BRH:0
end_of_record
TN:
SF:src/utils/logger.ts
FN:14,sanitize
FN:22,sanitizeData
FN:37,(anonymous_2)
FN:47,(anonymous_3)
FN:57,(anonymous_4)
FNF:5
FNH:4
FNDA:10,sanitize
FNDA:3,sanitizeData
FNDA:0,(anonymous_2)
FNDA:5,(anonymous_3)
FNDA:2,(anonymous_4)
DA:7,3
DA:15,10
DA:16,10
DA:17,40
DA:19,10
DA:23,3
DA:24,3
DA:25,3
DA:26,3
DA:28,0
DA:36,3
DA:38,0
DA:39,0
DA:40,0
DA:41,0
DA:43,0
DA:48,5
DA:49,5
DA:50,5
DA:51,2
DA:53,3
DA:59,2
DA:60,2
DA:61,1
DA:63,1
LF:25
LH:19
BRDA:23,0,0,0
BRDA:23,0,1,3
BRDA:23,1,0,3
BRDA:23,1,1,3
BRDA:24,2,0,0
BRDA:24,2,1,3
BRDA:38,3,0,0
BRDA:38,3,1,0
BRDA:40,4,0,0
BRDA:40,4,1,0
BRDA:48,5,0,0
BRDA:48,5,1,5
BRDA:50,6,0,2
BRDA:50,6,1,3
BRDA:60,7,0,1
BRDA:60,7,1,1
BRF:16
BRH:9
end_of_record
